<?xml version="1.0" encoding="UTF-8"?>
<testsuite xmlns:xsi="http://www.w3.org/2001/XMLSchema-instance" xsi:noNamespaceSchemaLocation="https://maven.apache.org/surefire/maven-surefire-plugin/xsd/surefire-test-report-3.0.xsd" version="3.0" name="com.boha.kasietransie.KasietransieApplicationTests" time="3.2" tests="1" errors="1" skipped="0" failures="0">
  <properties>
    <property name="java.specification.version" value="19"/>
    <property name="sun.jnu.encoding" value="UTF-8"/>
    <property name="java.class.path" value="/Users/aubreymalabie/Work/aftarobot/kasietransie_springboot/target/test-classes:/Users/aubreymalabie/Work/aftarobot/kasietransie_springboot/target/classes:/Users/aubreymalabie/.m2/repository/org/springframework/boot/spring-boot-starter-actuator/3.1.3/spring-boot-starter-actuator-3.1.3.jar:/Users/aubreymalabie/.m2/repository/org/springframework/boot/spring-boot-starter/3.1.3/spring-boot-starter-3.1.3.jar:/Users/aubreymalabie/.m2/repository/org/springframework/boot/spring-boot/3.1.3/spring-boot-3.1.3.jar:/Users/aubreymalabie/.m2/repository/org/springframework/boot/spring-boot-autoconfigure/3.1.3/spring-boot-autoconfigure-3.1.3.jar:/Users/aubreymalabie/.m2/repository/org/springframework/boot/spring-boot-starter-logging/3.1.3/spring-boot-starter-logging-3.1.3.jar:/Users/aubreymalabie/.m2/repository/ch/qos/logback/logback-classic/1.4.11/logback-classic-1.4.11.jar:/Users/aubreymalabie/.m2/repository/ch/qos/logback/logback-core/1.4.11/logback-core-1.4.11.jar:/Users/aubreymalabie/.m2/repository/org/apache/logging/log4j/log4j-to-slf4j/2.20.0/log4j-to-slf4j-2.20.0.jar:/Users/aubreymalabie/.m2/repository/org/apache/logging/log4j/log4j-api/2.20.0/log4j-api-2.20.0.jar:/Users/aubreymalabie/.m2/repository/org/slf4j/jul-to-slf4j/2.0.7/jul-to-slf4j-2.0.7.jar:/Users/aubreymalabie/.m2/repository/jakarta/annotation/jakarta.annotation-api/2.1.1/jakarta.annotation-api-2.1.1.jar:/Users/aubreymalabie/.m2/repository/org/yaml/snakeyaml/1.33/snakeyaml-1.33.jar:/Users/aubreymalabie/.m2/repository/org/springframework/boot/spring-boot-actuator-autoconfigure/3.1.3/spring-boot-actuator-autoconfigure-3.1.3.jar:/Users/aubreymalabie/.m2/repository/org/springframework/boot/spring-boot-actuator/3.1.3/spring-boot-actuator-3.1.3.jar:/Users/aubreymalabie/.m2/repository/com/fasterxml/jackson/core/jackson-databind/2.15.2/jackson-databind-2.15.2.jar:/Users/aubreymalabie/.m2/repository/com/fasterxml/jackson/core/jackson-annotations/2.15.2/jackson-annotations-2.15.2.jar:/Users/aubreymalabie/.m2/repository/com/fasterxml/jackson/datatype/jackson-datatype-jsr310/2.15.2/jackson-datatype-jsr310-2.15.2.jar:/Users/aubreymalabie/.m2/repository/io/micrometer/micrometer-observation/1.11.3/micrometer-observation-1.11.3.jar:/Users/aubreymalabie/.m2/repository/io/micrometer/micrometer-commons/1.11.3/micrometer-commons-1.11.3.jar:/Users/aubreymalabie/.m2/repository/io/micrometer/micrometer-core/1.11.3/micrometer-core-1.11.3.jar:/Users/aubreymalabie/.m2/repository/org/hdrhistogram/HdrHistogram/2.1.12/HdrHistogram-2.1.12.jar:/Users/aubreymalabie/.m2/repository/org/latencyutils/LatencyUtils/2.0.3/LatencyUtils-2.0.3.jar:/Users/aubreymalabie/.m2/repository/org/springframework/boot/spring-boot-starter-batch/3.1.3/spring-boot-starter-batch-3.1.3.jar:/Users/aubreymalabie/.m2/repository/org/springframework/boot/spring-boot-starter-jdbc/3.1.3/spring-boot-starter-jdbc-3.1.3.jar:/Users/aubreymalabie/.m2/repository/com/zaxxer/HikariCP/5.0.1/HikariCP-5.0.1.jar:/Users/aubreymalabie/.m2/repository/org/springframework/batch/spring-batch-core/5.0.3/spring-batch-core-5.0.3.jar:/Users/aubreymalabie/.m2/repository/org/springframework/batch/spring-batch-infrastructure/5.0.3/spring-batch-infrastructure-5.0.3.jar:/Users/aubreymalabie/.m2/repository/org/springframework/retry/spring-retry/2.0.2/spring-retry-2.0.2.jar:/Users/aubreymalabie/.m2/repository/org/springframework/spring-aop/6.0.11/spring-aop-6.0.11.jar:/Users/aubreymalabie/.m2/repository/org/springframework/spring-beans/6.0.11/spring-beans-6.0.11.jar:/Users/aubreymalabie/.m2/repository/org/springframework/spring-context/6.0.11/spring-context-6.0.11.jar:/Users/aubreymalabie/.m2/repository/org/springframework/spring-tx/6.0.11/spring-tx-6.0.11.jar:/Users/aubreymalabie/.m2/repository/org/springframework/boot/spring-boot-starter-data-mongodb/3.1.3/spring-boot-starter-data-mongodb-3.1.3.jar:/Users/aubreymalabie/.m2/repository/org/mongodb/mongodb-driver-sync/4.9.1/mongodb-driver-sync-4.9.1.jar:/Users/aubreymalabie/.m2/repository/org/mongodb/bson/4.9.1/bson-4.9.1.jar:/Users/aubreymalabie/.m2/repository/org/mongodb/mongodb-driver-core/4.9.1/mongodb-driver-core-4.9.1.jar:/Users/aubreymalabie/.m2/repository/org/mongodb/bson-record-codec/4.9.1/bson-record-codec-4.9.1.jar:/Users/aubreymalabie/.m2/repository/org/springframework/data/spring-data-mongodb/4.1.3/spring-data-mongodb-4.1.3.jar:/Users/aubreymalabie/.m2/repository/org/springframework/spring-expression/6.0.11/spring-expression-6.0.11.jar:/Users/aubreymalabie/.m2/repository/org/springframework/data/spring-data-commons/3.1.3/spring-data-commons-3.1.3.jar:/Users/aubreymalabie/.m2/repository/org/springframework/boot/spring-boot-starter-mail/3.1.3/spring-boot-starter-mail-3.1.3.jar:/Users/aubreymalabie/.m2/repository/org/springframework/spring-context-support/6.0.11/spring-context-support-6.0.11.jar:/Users/aubreymalabie/.m2/repository/org/eclipse/angus/jakarta.mail/1.1.0/jakarta.mail-1.1.0.jar:/Users/aubreymalabie/.m2/repository/jakarta/activation/jakarta.activation-api/2.1.2/jakarta.activation-api-2.1.2.jar:/Users/aubreymalabie/.m2/repository/org/eclipse/angus/angus-activation/2.0.1/angus-activation-2.0.1.jar:/Users/aubreymalabie/.m2/repository/org/springframework/boot/spring-boot-starter-web/3.1.3/spring-boot-starter-web-3.1.3.jar:/Users/aubreymalabie/.m2/repository/org/springframework/boot/spring-boot-starter-json/3.1.3/spring-boot-starter-json-3.1.3.jar:/Users/aubreymalabie/.m2/repository/com/fasterxml/jackson/datatype/jackson-datatype-jdk8/2.15.2/jackson-datatype-jdk8-2.15.2.jar:/Users/aubreymalabie/.m2/repository/com/fasterxml/jackson/module/jackson-module-parameter-names/2.15.2/jackson-module-parameter-names-2.15.2.jar:/Users/aubreymalabie/.m2/repository/org/springframework/boot/spring-boot-starter-tomcat/3.1.3/spring-boot-starter-tomcat-3.1.3.jar:/Users/aubreymalabie/.m2/repository/org/apache/tomcat/embed/tomcat-embed-core/10.1.12/tomcat-embed-core-10.1.12.jar:/Users/aubreymalabie/.m2/repository/org/apache/tomcat/embed/tomcat-embed-el/10.1.12/tomcat-embed-el-10.1.12.jar:/Users/aubreymalabie/.m2/repository/org/apache/tomcat/embed/tomcat-embed-websocket/10.1.12/tomcat-embed-websocket-10.1.12.jar:/Users/aubreymalabie/.m2/repository/org/springframework/spring-web/6.0.11/spring-web-6.0.11.jar:/Users/aubreymalabie/.m2/repository/org/springframework/spring-webmvc/6.0.11/spring-webmvc-6.0.11.jar:/Users/aubreymalabie/.m2/repository/org/springframework/boot/spring-boot-starter-websocket/3.1.3/spring-boot-starter-websocket-3.1.3.jar:/Users/aubreymalabie/.m2/repository/org/springframework/spring-messaging/6.0.11/spring-messaging-6.0.11.jar:/Users/aubreymalabie/.m2/repository/org/springframework/spring-websocket/6.0.11/spring-websocket-6.0.11.jar:/Users/aubreymalabie/.m2/repository/com/google/cloud/spring-cloud-gcp-starter-storage/4.7.2/spring-cloud-gcp-starter-storage-4.7.2.jar:/Users/aubreymalabie/.m2/repository/com/google/cloud/spring-cloud-gcp-starter/4.7.2/spring-cloud-gcp-starter-4.7.2.jar:/Users/aubreymalabie/.m2/repository/com/google/cloud/spring-cloud-gcp-core/4.7.2/spring-cloud-gcp-core-4.7.2.jar:/Users/aubreymalabie/.m2/repository/com/google/cloud/spring-cloud-gcp-autoconfigure/4.7.2/spring-cloud-gcp-autoconfigure-4.7.2.jar:/Users/aubreymalabie/.m2/repository/org/apache/commons/commons-lang3/3.12.0/commons-lang3-3.12.0.jar:/Users/aubreymalabie/.m2/repository/com/google/cloud/spring-cloud-gcp-storage/4.7.2/spring-cloud-gcp-storage-4.7.2.jar:/Users/aubreymalabie/.m2/repository/org/slf4j/slf4j-api/2.0.7/slf4j-api-2.0.7.jar:/Users/aubreymalabie/.m2/repository/org/springframework/boot/spring-boot-configuration-processor/3.1.3/spring-boot-configuration-processor-3.1.3.jar:/Users/aubreymalabie/.m2/repository/org/projectlombok/lombok/1.18.28/lombok-1.18.28.jar:/Users/aubreymalabie/.m2/repository/org/springframework/boot/spring-boot-starter-test/3.1.3/spring-boot-starter-test-3.1.3.jar:/Users/aubreymalabie/.m2/repository/org/springframework/boot/spring-boot-test/3.1.3/spring-boot-test-3.1.3.jar:/Users/aubreymalabie/.m2/repository/org/springframework/boot/spring-boot-test-autoconfigure/3.1.3/spring-boot-test-autoconfigure-3.1.3.jar:/Users/aubreymalabie/.m2/repository/com/jayway/jsonpath/json-path/2.8.0/json-path-2.8.0.jar:/Users/aubreymalabie/.m2/repository/jakarta/xml/bind/jakarta.xml.bind-api/4.0.0/jakarta.xml.bind-api-4.0.0.jar:/Users/aubreymalabie/.m2/repository/net/minidev/json-smart/2.4.11/json-smart-2.4.11.jar:/Users/aubreymalabie/.m2/repository/net/minidev/accessors-smart/2.4.11/accessors-smart-2.4.11.jar:/Users/aubreymalabie/.m2/repository/org/ow2/asm/asm/9.3/asm-9.3.jar:/Users/aubreymalabie/.m2/repository/org/assertj/assertj-core/3.24.2/assertj-core-3.24.2.jar:/Users/aubreymalabie/.m2/repository/net/bytebuddy/byte-buddy/1.14.6/byte-buddy-1.14.6.jar:/Users/aubreymalabie/.m2/repository/org/hamcrest/hamcrest/2.2/hamcrest-2.2.jar:/Users/aubreymalabie/.m2/repository/org/junit/jupiter/junit-jupiter/5.9.3/junit-jupiter-5.9.3.jar:/Users/aubreymalabie/.m2/repository/org/junit/jupiter/junit-jupiter-api/5.9.3/junit-jupiter-api-5.9.3.jar:/Users/aubreymalabie/.m2/repository/org/opentest4j/opentest4j/1.2.0/opentest4j-1.2.0.jar:/Users/aubreymalabie/.m2/repository/org/junit/platform/junit-platform-commons/1.9.3/junit-platform-commons-1.9.3.jar:/Users/aubreymalabie/.m2/repository/org/apiguardian/apiguardian-api/1.1.2/apiguardian-api-1.1.2.jar:/Users/aubreymalabie/.m2/repository/org/junit/jupiter/junit-jupiter-params/5.9.3/junit-jupiter-params-5.9.3.jar:/Users/aubreymalabie/.m2/repository/org/junit/jupiter/junit-jupiter-engine/5.9.3/junit-jupiter-engine-5.9.3.jar:/Users/aubreymalabie/.m2/repository/org/junit/platform/junit-platform-engine/1.9.3/junit-platform-engine-1.9.3.jar:/Users/aubreymalabie/.m2/repository/org/mockito/mockito-core/5.3.1/mockito-core-5.3.1.jar:/Users/aubreymalabie/.m2/repository/net/bytebuddy/byte-buddy-agent/1.14.6/byte-buddy-agent-1.14.6.jar:/Users/aubreymalabie/.m2/repository/org/objenesis/objenesis/3.3/objenesis-3.3.jar:/Users/aubreymalabie/.m2/repository/org/mockito/mockito-junit-jupiter/5.3.1/mockito-junit-jupiter-5.3.1.jar:/Users/aubreymalabie/.m2/repository/org/skyscreamer/jsonassert/1.5.1/jsonassert-1.5.1.jar:/Users/aubreymalabie/.m2/repository/com/vaadin/external/google/android-json/0.0.20131108.vaadin1/android-json-0.0.20131108.vaadin1.jar:/Users/aubreymalabie/.m2/repository/org/springframework/spring-core/6.0.11/spring-core-6.0.11.jar:/Users/aubreymalabie/.m2/repository/org/springframework/spring-jcl/6.0.11/spring-jcl-6.0.11.jar:/Users/aubreymalabie/.m2/repository/org/springframework/spring-test/6.0.11/spring-test-6.0.11.jar:/Users/aubreymalabie/.m2/repository/org/xmlunit/xmlunit-core/2.9.1/xmlunit-core-2.9.1.jar:/Users/aubreymalabie/.m2/repository/org/springframework/batch/spring-batch-test/5.0.3/spring-batch-test-5.0.3.jar:/Users/aubreymalabie/.m2/repository/org/springframework/spring-jdbc/6.0.11/spring-jdbc-6.0.11.jar:/Users/aubreymalabie/.m2/repository/com/github/ben-manes/caffeine/caffeine/2.8.2/caffeine-2.8.2.jar:/Users/aubreymalabie/.m2/repository/org/checkerframework/checker-qual/3.3.0/checker-qual-3.3.0.jar:/Users/aubreymalabie/.m2/repository/com/google/errorprone/error_prone_annotations/2.3.4/error_prone_annotations-2.3.4.jar:/Users/aubreymalabie/.m2/repository/com/github/ben-manes/caffeine/jcache/2.8.2/jcache-2.8.2.jar:/Users/aubreymalabie/.m2/repository/javax/cache/cache-api/1.1.1/cache-api-1.1.1.jar:/Users/aubreymalabie/.m2/repository/com/typesafe/config/1.4.0/config-1.4.0.jar:/Users/aubreymalabie/.m2/repository/javax/inject/javax.inject/1/javax.inject-1.jar:/Users/aubreymalabie/.m2/repository/com/google/zxing/core/3.3.0/core-3.3.0.jar:/Users/aubreymalabie/.m2/repository/com/google/zxing/javase/3.3.0/javase-3.3.0.jar:/Users/aubreymalabie/.m2/repository/com/beust/jcommander/1.48/jcommander-1.48.jar:/Users/aubreymalabie/.m2/repository/com/github/jai-imageio/jai-imageio-core/1.3.1/jai-imageio-core-1.3.1.jar:/Users/aubreymalabie/.m2/repository/org/apache/lucene/lucene-spatial/4.4.0/lucene-spatial-4.4.0.jar:/Users/aubreymalabie/.m2/repository/com/spatial4j/spatial4j/0.3/spatial4j-0.3.jar:/Users/aubreymalabie/.m2/repository/org/apache/lucene/lucene-core/4.4.0/lucene-core-4.4.0.jar:/Users/aubreymalabie/.m2/repository/org/apache/lucene/lucene-queries/4.4.0/lucene-queries-4.4.0.jar:/Users/aubreymalabie/.m2/repository/com/google/firebase/firebase-admin/9.1.0/firebase-admin-9.1.0.jar:/Users/aubreymalabie/.m2/repository/com/google/api-client/google-api-client-gson/2.2.0/google-api-client-gson-2.2.0.jar:/Users/aubreymalabie/.m2/repository/com/google/http-client/google-http-client/1.41.5/google-http-client-1.41.5.jar:/Users/aubreymalabie/.m2/repository/com/google/api/api-common/2.1.5/api-common-2.1.5.jar:/Users/aubreymalabie/.m2/repository/com/google/auth/google-auth-library-oauth2-http/1.6.0/google-auth-library-oauth2-http-1.6.0.jar:/Users/aubreymalabie/.m2/repository/com/google/cloud/google-cloud-storage/2.6.0/google-cloud-storage-2.6.0.jar:/Users/aubreymalabie/.m2/repository/com/google/apis/google-api-services-storage/v1-rev20220210-1.32.1/google-api-services-storage-v1-rev20220210-1.32.1.jar:/Users/aubreymalabie/.m2/repository/com/google/cloud/google-cloud-firestore/3.0.21/google-cloud-firestore-3.0.21.jar:/Users/aubreymalabie/.m2/repository/com/google/cloud/google-cloud-core-grpc/2.5.11/google-cloud-core-grpc-2.5.11.jar:/Users/aubreymalabie/.m2/repository/com/google/api/grpc/proto-google-cloud-firestore-v1/3.0.21/proto-google-cloud-firestore-v1-3.0.21.jar:/Users/aubreymalabie/.m2/repository/com/google/cloud/proto-google-cloud-firestore-bundle-v1/3.0.21/proto-google-cloud-firestore-bundle-v1-3.0.21.jar:/Users/aubreymalabie/.m2/repository/io/opencensus/opencensus-contrib-grpc-util/0.31.0/opencensus-contrib-grpc-util-0.31.0.jar:/Users/aubreymalabie/.m2/repository/com/google/guava/guava/31.1-jre/guava-31.1-jre.jar:/Users/aubreymalabie/.m2/repository/io/netty/netty-codec-http/4.1.97.Final/netty-codec-http-4.1.97.Final.jar:/Users/aubreymalabie/.m2/repository/io/netty/netty-common/4.1.97.Final/netty-common-4.1.97.Final.jar:/Users/aubreymalabie/.m2/repository/io/netty/netty-buffer/4.1.97.Final/netty-buffer-4.1.97.Final.jar:/Users/aubreymalabie/.m2/repository/io/netty/netty-codec/4.1.97.Final/netty-codec-4.1.97.Final.jar:/Users/aubreymalabie/.m2/repository/io/netty/netty-handler/4.1.97.Final/netty-handler-4.1.97.Final.jar:/Users/aubreymalabie/.m2/repository/io/netty/netty-resolver/4.1.97.Final/netty-resolver-4.1.97.Final.jar:/Users/aubreymalabie/.m2/repository/io/netty/netty-transport-native-unix-common/4.1.97.Final/netty-transport-native-unix-common-4.1.97.Final.jar:/Users/aubreymalabie/.m2/repository/io/netty/netty-transport/4.1.97.Final/netty-transport-4.1.97.Final.jar:/Users/aubreymalabie/.m2/repository/com/squareup/okhttp/okhttp/2.7.5/okhttp-2.7.5.jar:/Users/aubreymalabie/.m2/repository/com/squareup/okio/okio/1.6.0/okio-1.6.0.jar:/Users/aubreymalabie/.m2/repository/joda-time/joda-time/2.12.1/joda-time-2.12.1.jar:/Users/aubreymalabie/.m2/repository/org/json/json/20220924/json-20220924.jar:/Users/aubreymalabie/.m2/repository/com/googlecode/json-simple/json-simple/1.1.1/json-simple-1.1.1.jar:/Users/aubreymalabie/.m2/repository/junit/junit/4.13.2/junit-4.13.2.jar:/Users/aubreymalabie/.m2/repository/org/hamcrest/hamcrest-core/2.2/hamcrest-core-2.2.jar:/Users/aubreymalabie/.m2/repository/com/github/vladimir-bukhtoyarov/bucket4j-core/7.6.0/bucket4j-core-7.6.0.jar:/Users/aubreymalabie/.m2/repository/com/google/cloud/google-cloud-secretmanager/2.1.4/google-cloud-secretmanager-2.1.4.jar:/Users/aubreymalabie/.m2/repository/io/grpc/grpc-api/1.45.0/grpc-api-1.45.0.jar:/Users/aubreymalabie/.m2/repository/io/grpc/grpc-context/1.45.0/grpc-context-1.45.0.jar:/Users/aubreymalabie/.m2/repository/com/google/code/findbugs/jsr305/3.0.2/jsr305-3.0.2.jar:/Users/aubreymalabie/.m2/repository/io/grpc/grpc-stub/1.45.0/grpc-stub-1.45.0.jar:/Users/aubreymalabie/.m2/repository/io/grpc/grpc-protobuf/1.45.0/grpc-protobuf-1.45.0.jar:/Users/aubreymalabie/.m2/repository/io/grpc/grpc-protobuf-lite/1.45.0/grpc-protobuf-lite-1.45.0.jar:/Users/aubreymalabie/.m2/repository/javax/annotation/javax.annotation-api/1.3.2/javax.annotation-api-1.3.2.jar:/Users/aubreymalabie/.m2/repository/com/google/auto/value/auto-value-annotations/1.9/auto-value-annotations-1.9.jar:/Users/aubreymalabie/.m2/repository/com/google/protobuf/protobuf-java/3.19.4/protobuf-java-3.19.4.jar:/Users/aubreymalabie/.m2/repository/com/google/api/grpc/proto-google-common-protos/2.8.0/proto-google-common-protos-2.8.0.jar:/Users/aubreymalabie/.m2/repository/com/google/api/grpc/proto-google-iam-v1/1.2.10/proto-google-iam-v1-1.2.10.jar:/Users/aubreymalabie/.m2/repository/com/google/api/grpc/proto-google-cloud-secretmanager-v1/2.1.4/proto-google-cloud-secretmanager-v1-2.1.4.jar:/Users/aubreymalabie/.m2/repository/com/google/api/grpc/proto-google-cloud-secretmanager-v1beta1/2.1.4/proto-google-cloud-secretmanager-v1beta1-2.1.4.jar:/Users/aubreymalabie/.m2/repository/com/google/guava/failureaccess/1.0.1/failureaccess-1.0.1.jar:/Users/aubreymalabie/.m2/repository/com/google/guava/listenablefuture/9999.0-empty-to-avoid-conflict-with-guava/listenablefuture-9999.0-empty-to-avoid-conflict-with-guava.jar:/Users/aubreymalabie/.m2/repository/com/google/j2objc/j2objc-annotations/1.3/j2objc-annotations-1.3.jar:/Users/aubreymalabie/.m2/repository/com/google/api/gax/2.13.0/gax-2.13.0.jar:/Users/aubreymalabie/.m2/repository/com/google/auth/google-auth-library-credentials/1.6.0/google-auth-library-credentials-1.6.0.jar:/Users/aubreymalabie/.m2/repository/org/apache/httpcomponents/httpclient/4.5.13/httpclient-4.5.13.jar:/Users/aubreymalabie/.m2/repository/commons-logging/commons-logging/1.2/commons-logging-1.2.jar:/Users/aubreymalabie/.m2/repository/commons-codec/commons-codec/1.15/commons-codec-1.15.jar:/Users/aubreymalabie/.m2/repository/org/apache/httpcomponents/httpcore/4.4.16/httpcore-4.4.16.jar:/Users/aubreymalabie/.m2/repository/io/opencensus/opencensus-contrib-http-util/0.31.0/opencensus-contrib-http-util-0.31.0.jar:/Users/aubreymalabie/.m2/repository/com/google/http-client/google-http-client-gson/1.41.5/google-http-client-gson-1.41.5.jar:/Users/aubreymalabie/.m2/repository/io/opencensus/opencensus-api/0.31.0/opencensus-api-0.31.0.jar:/Users/aubreymalabie/.m2/repository/com/google/api/gax-grpc/2.13.0/gax-grpc-2.13.0.jar:/Users/aubreymalabie/.m2/repository/io/grpc/grpc-alts/1.45.0/grpc-alts-1.45.0.jar:/Users/aubreymalabie/.m2/repository/io/grpc/grpc-grpclb/1.45.0/grpc-grpclb-1.45.0.jar:/Users/aubreymalabie/.m2/repository/org/conscrypt/conscrypt-openjdk-uber/2.5.1/conscrypt-openjdk-uber-2.5.1.jar:/Users/aubreymalabie/.m2/repository/io/grpc/grpc-auth/1.45.0/grpc-auth-1.45.0.jar:/Users/aubreymalabie/.m2/repository/io/grpc/grpc-netty-shaded/1.45.0/grpc-netty-shaded-1.45.0.jar:/Users/aubreymalabie/.m2/repository/io/perfmark/perfmark-api/0.23.0/perfmark-api-0.23.0.jar:/Users/aubreymalabie/.m2/repository/io/grpc/grpc-core/1.45.0/grpc-core-1.45.0.jar:/Users/aubreymalabie/.m2/repository/com/google/android/annotations/4.1.1.4/annotations-4.1.1.4.jar:/Users/aubreymalabie/.m2/repository/org/codehaus/mojo/animal-sniffer-annotations/1.21/animal-sniffer-annotations-1.21.jar:/Users/aubreymalabie/.m2/repository/io/grpc/grpc-xds/1.56.1/grpc-xds-1.56.1.jar:/Users/aubreymalabie/.m2/repository/io/grpc/grpc-services/1.45.0/grpc-services-1.45.0.jar:/Users/aubreymalabie/.m2/repository/com/google/code/gson/gson/2.10.1/gson-2.10.1.jar:/Users/aubreymalabie/.m2/repository/com/google/re2j/re2j/1.5/re2j-1.5.jar:/Users/aubreymalabie/.m2/repository/org/bouncycastle/bcpkix-jdk15on/1.67/bcpkix-jdk15on-1.67.jar:/Users/aubreymalabie/.m2/repository/org/bouncycastle/bcprov-jdk15on/1.67/bcprov-jdk15on-1.67.jar:/Users/aubreymalabie/.m2/repository/io/opencensus/opencensus-proto/0.2.0/opencensus-proto-0.2.0.jar:/Users/aubreymalabie/.m2/repository/com/google/protobuf/protobuf-java-util/3.19.4/protobuf-java-util-3.19.4.jar:/Users/aubreymalabie/.m2/repository/org/threeten/threetenbp/1.6.0/threetenbp-1.6.0.jar:/Users/aubreymalabie/.m2/repository/com/google/api-client/google-api-client/1.32.1/google-api-client-1.32.1.jar:/Users/aubreymalabie/.m2/repository/com/google/oauth-client/google-oauth-client/1.34.1/google-oauth-client-1.34.1.jar:/Users/aubreymalabie/.m2/repository/com/google/http-client/google-http-client-apache-v2/1.41.5/google-http-client-apache-v2-1.41.5.jar:/Users/aubreymalabie/.m2/repository/org/springframework/cloud/spring-cloud-gcp-secretmanager/1.2.2.RELEASE/spring-cloud-gcp-secretmanager-1.2.2.RELEASE.jar:/Users/aubreymalabie/.m2/repository/org/springframework/cloud/spring-cloud-gcp-core/1.2.2.RELEASE/spring-cloud-gcp-core-1.2.2.RELEASE.jar:/Users/aubreymalabie/.m2/repository/com/google/cloud/google-cloud-translate/2.1.12/google-cloud-translate-2.1.12.jar:/Users/aubreymalabie/.m2/repository/com/google/api/grpc/proto-google-cloud-translate-v3beta1/0.83.12/proto-google-cloud-translate-v3beta1-0.83.12.jar:/Users/aubreymalabie/.m2/repository/com/google/api/grpc/proto-google-cloud-translate-v3/2.1.12/proto-google-cloud-translate-v3-2.1.12.jar:/Users/aubreymalabie/.m2/repository/com/google/cloud/google-cloud-core/2.5.11/google-cloud-core-2.5.11.jar:/Users/aubreymalabie/.m2/repository/com/google/cloud/google-cloud-core-http/2.5.11/google-cloud-core-http-2.5.11.jar:/Users/aubreymalabie/.m2/repository/com/google/http-client/google-http-client-appengine/1.41.5/google-http-client-appengine-1.41.5.jar:/Users/aubreymalabie/.m2/repository/com/google/api/gax-httpjson/0.98.0/gax-httpjson-0.98.0.jar:/Users/aubreymalabie/.m2/repository/com/google/apis/google-api-services-translate/v2-rev20170525-1.32.1/google-api-services-translate-v2-rev20170525-1.32.1.jar:/Users/aubreymalabie/.m2/repository/com/google/http-client/google-http-client-jackson2/1.41.5/google-http-client-jackson2-1.41.5.jar:/Users/aubreymalabie/.m2/repository/com/fasterxml/jackson/core/jackson-core/2.15.2/jackson-core-2.15.2.jar:"/>
    <property name="java.vm.vendor" value="Oracle Corporation"/>
    <property name="sun.arch.data.model" value="64"/>
    <property name="java.vendor.url" value="https://java.oracle.com/"/>
    <property name="user.timezone" value="Africa/Johannesburg"/>
    <property name="os.name" value="Mac OS X"/>
    <property name="java.vm.specification.version" value="19"/>
    <property name="sun.java.launcher" value="SUN_STANDARD"/>
    <property name="user.country" value="ZA"/>
    <property name="sun.boot.library.path" value="/Users/aubreymalabie/Library/Java/JavaVirtualMachines/openjdk-19.0.2-1/Contents/Home/lib"/>
    <property name="sun.java.command" value="/Users/aubreymalabie/Work/aftarobot/kasietransie_springboot/target/surefire/surefirebooter-20230910113256625_3.jar /Users/aubreymalabie/Work/aftarobot/kasietransie_springboot/target/surefire 2023-09-10T11-32-56_564-jvmRun1 surefire-20230910113256625_1tmp surefire_0-20230910113256625_2tmp"/>
    <property name="http.nonProxyHosts" value="local|*.local|169.254/16|*.169.254/16"/>
    <property name="jdk.debug" value="release"/>
    <property name="surefire.test.class.path" value="/Users/aubreymalabie/Work/aftarobot/kasietransie_springboot/target/test-classes:/Users/aubreymalabie/Work/aftarobot/kasietransie_springboot/target/classes:/Users/aubreymalabie/.m2/repository/org/springframework/boot/spring-boot-starter-actuator/3.1.3/spring-boot-starter-actuator-3.1.3.jar:/Users/aubreymalabie/.m2/repository/org/springframework/boot/spring-boot-starter/3.1.3/spring-boot-starter-3.1.3.jar:/Users/aubreymalabie/.m2/repository/org/springframework/boot/spring-boot/3.1.3/spring-boot-3.1.3.jar:/Users/aubreymalabie/.m2/repository/org/springframework/boot/spring-boot-autoconfigure/3.1.3/spring-boot-autoconfigure-3.1.3.jar:/Users/aubreymalabie/.m2/repository/org/springframework/boot/spring-boot-starter-logging/3.1.3/spring-boot-starter-logging-3.1.3.jar:/Users/aubreymalabie/.m2/repository/ch/qos/logback/logback-classic/1.4.11/logback-classic-1.4.11.jar:/Users/aubreymalabie/.m2/repository/ch/qos/logback/logback-core/1.4.11/logback-core-1.4.11.jar:/Users/aubreymalabie/.m2/repository/org/apache/logging/log4j/log4j-to-slf4j/2.20.0/log4j-to-slf4j-2.20.0.jar:/Users/aubreymalabie/.m2/repository/org/apache/logging/log4j/log4j-api/2.20.0/log4j-api-2.20.0.jar:/Users/aubreymalabie/.m2/repository/org/slf4j/jul-to-slf4j/2.0.7/jul-to-slf4j-2.0.7.jar:/Users/aubreymalabie/.m2/repository/jakarta/annotation/jakarta.annotation-api/2.1.1/jakarta.annotation-api-2.1.1.jar:/Users/aubreymalabie/.m2/repository/org/yaml/snakeyaml/1.33/snakeyaml-1.33.jar:/Users/aubreymalabie/.m2/repository/org/springframework/boot/spring-boot-actuator-autoconfigure/3.1.3/spring-boot-actuator-autoconfigure-3.1.3.jar:/Users/aubreymalabie/.m2/repository/org/springframework/boot/spring-boot-actuator/3.1.3/spring-boot-actuator-3.1.3.jar:/Users/aubreymalabie/.m2/repository/com/fasterxml/jackson/core/jackson-databind/2.15.2/jackson-databind-2.15.2.jar:/Users/aubreymalabie/.m2/repository/com/fasterxml/jackson/core/jackson-annotations/2.15.2/jackson-annotations-2.15.2.jar:/Users/aubreymalabie/.m2/repository/com/fasterxml/jackson/datatype/jackson-datatype-jsr310/2.15.2/jackson-datatype-jsr310-2.15.2.jar:/Users/aubreymalabie/.m2/repository/io/micrometer/micrometer-observation/1.11.3/micrometer-observation-1.11.3.jar:/Users/aubreymalabie/.m2/repository/io/micrometer/micrometer-commons/1.11.3/micrometer-commons-1.11.3.jar:/Users/aubreymalabie/.m2/repository/io/micrometer/micrometer-core/1.11.3/micrometer-core-1.11.3.jar:/Users/aubreymalabie/.m2/repository/org/hdrhistogram/HdrHistogram/2.1.12/HdrHistogram-2.1.12.jar:/Users/aubreymalabie/.m2/repository/org/latencyutils/LatencyUtils/2.0.3/LatencyUtils-2.0.3.jar:/Users/aubreymalabie/.m2/repository/org/springframework/boot/spring-boot-starter-batch/3.1.3/spring-boot-starter-batch-3.1.3.jar:/Users/aubreymalabie/.m2/repository/org/springframework/boot/spring-boot-starter-jdbc/3.1.3/spring-boot-starter-jdbc-3.1.3.jar:/Users/aubreymalabie/.m2/repository/com/zaxxer/HikariCP/5.0.1/HikariCP-5.0.1.jar:/Users/aubreymalabie/.m2/repository/org/springframework/batch/spring-batch-core/5.0.3/spring-batch-core-5.0.3.jar:/Users/aubreymalabie/.m2/repository/org/springframework/batch/spring-batch-infrastructure/5.0.3/spring-batch-infrastructure-5.0.3.jar:/Users/aubreymalabie/.m2/repository/org/springframework/retry/spring-retry/2.0.2/spring-retry-2.0.2.jar:/Users/aubreymalabie/.m2/repository/org/springframework/spring-aop/6.0.11/spring-aop-6.0.11.jar:/Users/aubreymalabie/.m2/repository/org/springframework/spring-beans/6.0.11/spring-beans-6.0.11.jar:/Users/aubreymalabie/.m2/repository/org/springframework/spring-context/6.0.11/spring-context-6.0.11.jar:/Users/aubreymalabie/.m2/repository/org/springframework/spring-tx/6.0.11/spring-tx-6.0.11.jar:/Users/aubreymalabie/.m2/repository/org/springframework/boot/spring-boot-starter-data-mongodb/3.1.3/spring-boot-starter-data-mongodb-3.1.3.jar:/Users/aubreymalabie/.m2/repository/org/mongodb/mongodb-driver-sync/4.9.1/mongodb-driver-sync-4.9.1.jar:/Users/aubreymalabie/.m2/repository/org/mongodb/bson/4.9.1/bson-4.9.1.jar:/Users/aubreymalabie/.m2/repository/org/mongodb/mongodb-driver-core/4.9.1/mongodb-driver-core-4.9.1.jar:/Users/aubreymalabie/.m2/repository/org/mongodb/bson-record-codec/4.9.1/bson-record-codec-4.9.1.jar:/Users/aubreymalabie/.m2/repository/org/springframework/data/spring-data-mongodb/4.1.3/spring-data-mongodb-4.1.3.jar:/Users/aubreymalabie/.m2/repository/org/springframework/spring-expression/6.0.11/spring-expression-6.0.11.jar:/Users/aubreymalabie/.m2/repository/org/springframework/data/spring-data-commons/3.1.3/spring-data-commons-3.1.3.jar:/Users/aubreymalabie/.m2/repository/org/springframework/boot/spring-boot-starter-mail/3.1.3/spring-boot-starter-mail-3.1.3.jar:/Users/aubreymalabie/.m2/repository/org/springframework/spring-context-support/6.0.11/spring-context-support-6.0.11.jar:/Users/aubreymalabie/.m2/repository/org/eclipse/angus/jakarta.mail/1.1.0/jakarta.mail-1.1.0.jar:/Users/aubreymalabie/.m2/repository/jakarta/activation/jakarta.activation-api/2.1.2/jakarta.activation-api-2.1.2.jar:/Users/aubreymalabie/.m2/repository/org/eclipse/angus/angus-activation/2.0.1/angus-activation-2.0.1.jar:/Users/aubreymalabie/.m2/repository/org/springframework/boot/spring-boot-starter-web/3.1.3/spring-boot-starter-web-3.1.3.jar:/Users/aubreymalabie/.m2/repository/org/springframework/boot/spring-boot-starter-json/3.1.3/spring-boot-starter-json-3.1.3.jar:/Users/aubreymalabie/.m2/repository/com/fasterxml/jackson/datatype/jackson-datatype-jdk8/2.15.2/jackson-datatype-jdk8-2.15.2.jar:/Users/aubreymalabie/.m2/repository/com/fasterxml/jackson/module/jackson-module-parameter-names/2.15.2/jackson-module-parameter-names-2.15.2.jar:/Users/aubreymalabie/.m2/repository/org/springframework/boot/spring-boot-starter-tomcat/3.1.3/spring-boot-starter-tomcat-3.1.3.jar:/Users/aubreymalabie/.m2/repository/org/apache/tomcat/embed/tomcat-embed-core/10.1.12/tomcat-embed-core-10.1.12.jar:/Users/aubreymalabie/.m2/repository/org/apache/tomcat/embed/tomcat-embed-el/10.1.12/tomcat-embed-el-10.1.12.jar:/Users/aubreymalabie/.m2/repository/org/apache/tomcat/embed/tomcat-embed-websocket/10.1.12/tomcat-embed-websocket-10.1.12.jar:/Users/aubreymalabie/.m2/repository/org/springframework/spring-web/6.0.11/spring-web-6.0.11.jar:/Users/aubreymalabie/.m2/repository/org/springframework/spring-webmvc/6.0.11/spring-webmvc-6.0.11.jar:/Users/aubreymalabie/.m2/repository/org/springframework/boot/spring-boot-starter-websocket/3.1.3/spring-boot-starter-websocket-3.1.3.jar:/Users/aubreymalabie/.m2/repository/org/springframework/spring-messaging/6.0.11/spring-messaging-6.0.11.jar:/Users/aubreymalabie/.m2/repository/org/springframework/spring-websocket/6.0.11/spring-websocket-6.0.11.jar:/Users/aubreymalabie/.m2/repository/com/google/cloud/spring-cloud-gcp-starter-storage/4.7.2/spring-cloud-gcp-starter-storage-4.7.2.jar:/Users/aubreymalabie/.m2/repository/com/google/cloud/spring-cloud-gcp-starter/4.7.2/spring-cloud-gcp-starter-4.7.2.jar:/Users/aubreymalabie/.m2/repository/com/google/cloud/spring-cloud-gcp-core/4.7.2/spring-cloud-gcp-core-4.7.2.jar:/Users/aubreymalabie/.m2/repository/com/google/cloud/spring-cloud-gcp-autoconfigure/4.7.2/spring-cloud-gcp-autoconfigure-4.7.2.jar:/Users/aubreymalabie/.m2/repository/org/apache/commons/commons-lang3/3.12.0/commons-lang3-3.12.0.jar:/Users/aubreymalabie/.m2/repository/com/google/cloud/spring-cloud-gcp-storage/4.7.2/spring-cloud-gcp-storage-4.7.2.jar:/Users/aubreymalabie/.m2/repository/org/slf4j/slf4j-api/2.0.7/slf4j-api-2.0.7.jar:/Users/aubreymalabie/.m2/repository/org/springframework/boot/spring-boot-configuration-processor/3.1.3/spring-boot-configuration-processor-3.1.3.jar:/Users/aubreymalabie/.m2/repository/org/projectlombok/lombok/1.18.28/lombok-1.18.28.jar:/Users/aubreymalabie/.m2/repository/org/springframework/boot/spring-boot-starter-test/3.1.3/spring-boot-starter-test-3.1.3.jar:/Users/aubreymalabie/.m2/repository/org/springframework/boot/spring-boot-test/3.1.3/spring-boot-test-3.1.3.jar:/Users/aubreymalabie/.m2/repository/org/springframework/boot/spring-boot-test-autoconfigure/3.1.3/spring-boot-test-autoconfigure-3.1.3.jar:/Users/aubreymalabie/.m2/repository/com/jayway/jsonpath/json-path/2.8.0/json-path-2.8.0.jar:/Users/aubreymalabie/.m2/repository/jakarta/xml/bind/jakarta.xml.bind-api/4.0.0/jakarta.xml.bind-api-4.0.0.jar:/Users/aubreymalabie/.m2/repository/net/minidev/json-smart/2.4.11/json-smart-2.4.11.jar:/Users/aubreymalabie/.m2/repository/net/minidev/accessors-smart/2.4.11/accessors-smart-2.4.11.jar:/Users/aubreymalabie/.m2/repository/org/ow2/asm/asm/9.3/asm-9.3.jar:/Users/aubreymalabie/.m2/repository/org/assertj/assertj-core/3.24.2/assertj-core-3.24.2.jar:/Users/aubreymalabie/.m2/repository/net/bytebuddy/byte-buddy/1.14.6/byte-buddy-1.14.6.jar:/Users/aubreymalabie/.m2/repository/org/hamcrest/hamcrest/2.2/hamcrest-2.2.jar:/Users/aubreymalabie/.m2/repository/org/junit/jupiter/junit-jupiter/5.9.3/junit-jupiter-5.9.3.jar:/Users/aubreymalabie/.m2/repository/org/junit/jupiter/junit-jupiter-api/5.9.3/junit-jupiter-api-5.9.3.jar:/Users/aubreymalabie/.m2/repository/org/opentest4j/opentest4j/1.2.0/opentest4j-1.2.0.jar:/Users/aubreymalabie/.m2/repository/org/junit/platform/junit-platform-commons/1.9.3/junit-platform-commons-1.9.3.jar:/Users/aubreymalabie/.m2/repository/org/apiguardian/apiguardian-api/1.1.2/apiguardian-api-1.1.2.jar:/Users/aubreymalabie/.m2/repository/org/junit/jupiter/junit-jupiter-params/5.9.3/junit-jupiter-params-5.9.3.jar:/Users/aubreymalabie/.m2/repository/org/junit/jupiter/junit-jupiter-engine/5.9.3/junit-jupiter-engine-5.9.3.jar:/Users/aubreymalabie/.m2/repository/org/junit/platform/junit-platform-engine/1.9.3/junit-platform-engine-1.9.3.jar:/Users/aubreymalabie/.m2/repository/org/mockito/mockito-core/5.3.1/mockito-core-5.3.1.jar:/Users/aubreymalabie/.m2/repository/net/bytebuddy/byte-buddy-agent/1.14.6/byte-buddy-agent-1.14.6.jar:/Users/aubreymalabie/.m2/repository/org/objenesis/objenesis/3.3/objenesis-3.3.jar:/Users/aubreymalabie/.m2/repository/org/mockito/mockito-junit-jupiter/5.3.1/mockito-junit-jupiter-5.3.1.jar:/Users/aubreymalabie/.m2/repository/org/skyscreamer/jsonassert/1.5.1/jsonassert-1.5.1.jar:/Users/aubreymalabie/.m2/repository/com/vaadin/external/google/android-json/0.0.20131108.vaadin1/android-json-0.0.20131108.vaadin1.jar:/Users/aubreymalabie/.m2/repository/org/springframework/spring-core/6.0.11/spring-core-6.0.11.jar:/Users/aubreymalabie/.m2/repository/org/springframework/spring-jcl/6.0.11/spring-jcl-6.0.11.jar:/Users/aubreymalabie/.m2/repository/org/springframework/spring-test/6.0.11/spring-test-6.0.11.jar:/Users/aubreymalabie/.m2/repository/org/xmlunit/xmlunit-core/2.9.1/xmlunit-core-2.9.1.jar:/Users/aubreymalabie/.m2/repository/org/springframework/batch/spring-batch-test/5.0.3/spring-batch-test-5.0.3.jar:/Users/aubreymalabie/.m2/repository/org/springframework/spring-jdbc/6.0.11/spring-jdbc-6.0.11.jar:/Users/aubreymalabie/.m2/repository/com/github/ben-manes/caffeine/caffeine/2.8.2/caffeine-2.8.2.jar:/Users/aubreymalabie/.m2/repository/org/checkerframework/checker-qual/3.3.0/checker-qual-3.3.0.jar:/Users/aubreymalabie/.m2/repository/com/google/errorprone/error_prone_annotations/2.3.4/error_prone_annotations-2.3.4.jar:/Users/aubreymalabie/.m2/repository/com/github/ben-manes/caffeine/jcache/2.8.2/jcache-2.8.2.jar:/Users/aubreymalabie/.m2/repository/javax/cache/cache-api/1.1.1/cache-api-1.1.1.jar:/Users/aubreymalabie/.m2/repository/com/typesafe/config/1.4.0/config-1.4.0.jar:/Users/aubreymalabie/.m2/repository/javax/inject/javax.inject/1/javax.inject-1.jar:/Users/aubreymalabie/.m2/repository/com/google/zxing/core/3.3.0/core-3.3.0.jar:/Users/aubreymalabie/.m2/repository/com/google/zxing/javase/3.3.0/javase-3.3.0.jar:/Users/aubreymalabie/.m2/repository/com/beust/jcommander/1.48/jcommander-1.48.jar:/Users/aubreymalabie/.m2/repository/com/github/jai-imageio/jai-imageio-core/1.3.1/jai-imageio-core-1.3.1.jar:/Users/aubreymalabie/.m2/repository/org/apache/lucene/lucene-spatial/4.4.0/lucene-spatial-4.4.0.jar:/Users/aubreymalabie/.m2/repository/com/spatial4j/spatial4j/0.3/spatial4j-0.3.jar:/Users/aubreymalabie/.m2/repository/org/apache/lucene/lucene-core/4.4.0/lucene-core-4.4.0.jar:/Users/aubreymalabie/.m2/repository/org/apache/lucene/lucene-queries/4.4.0/lucene-queries-4.4.0.jar:/Users/aubreymalabie/.m2/repository/com/google/firebase/firebase-admin/9.1.0/firebase-admin-9.1.0.jar:/Users/aubreymalabie/.m2/repository/com/google/api-client/google-api-client-gson/2.2.0/google-api-client-gson-2.2.0.jar:/Users/aubreymalabie/.m2/repository/com/google/http-client/google-http-client/1.41.5/google-http-client-1.41.5.jar:/Users/aubreymalabie/.m2/repository/com/google/api/api-common/2.1.5/api-common-2.1.5.jar:/Users/aubreymalabie/.m2/repository/com/google/auth/google-auth-library-oauth2-http/1.6.0/google-auth-library-oauth2-http-1.6.0.jar:/Users/aubreymalabie/.m2/repository/com/google/cloud/google-cloud-storage/2.6.0/google-cloud-storage-2.6.0.jar:/Users/aubreymalabie/.m2/repository/com/google/apis/google-api-services-storage/v1-rev20220210-1.32.1/google-api-services-storage-v1-rev20220210-1.32.1.jar:/Users/aubreymalabie/.m2/repository/com/google/cloud/google-cloud-firestore/3.0.21/google-cloud-firestore-3.0.21.jar:/Users/aubreymalabie/.m2/repository/com/google/cloud/google-cloud-core-grpc/2.5.11/google-cloud-core-grpc-2.5.11.jar:/Users/aubreymalabie/.m2/repository/com/google/api/grpc/proto-google-cloud-firestore-v1/3.0.21/proto-google-cloud-firestore-v1-3.0.21.jar:/Users/aubreymalabie/.m2/repository/com/google/cloud/proto-google-cloud-firestore-bundle-v1/3.0.21/proto-google-cloud-firestore-bundle-v1-3.0.21.jar:/Users/aubreymalabie/.m2/repository/io/opencensus/opencensus-contrib-grpc-util/0.31.0/opencensus-contrib-grpc-util-0.31.0.jar:/Users/aubreymalabie/.m2/repository/com/google/guava/guava/31.1-jre/guava-31.1-jre.jar:/Users/aubreymalabie/.m2/repository/io/netty/netty-codec-http/4.1.97.Final/netty-codec-http-4.1.97.Final.jar:/Users/aubreymalabie/.m2/repository/io/netty/netty-common/4.1.97.Final/netty-common-4.1.97.Final.jar:/Users/aubreymalabie/.m2/repository/io/netty/netty-buffer/4.1.97.Final/netty-buffer-4.1.97.Final.jar:/Users/aubreymalabie/.m2/repository/io/netty/netty-codec/4.1.97.Final/netty-codec-4.1.97.Final.jar:/Users/aubreymalabie/.m2/repository/io/netty/netty-handler/4.1.97.Final/netty-handler-4.1.97.Final.jar:/Users/aubreymalabie/.m2/repository/io/netty/netty-resolver/4.1.97.Final/netty-resolver-4.1.97.Final.jar:/Users/aubreymalabie/.m2/repository/io/netty/netty-transport-native-unix-common/4.1.97.Final/netty-transport-native-unix-common-4.1.97.Final.jar:/Users/aubreymalabie/.m2/repository/io/netty/netty-transport/4.1.97.Final/netty-transport-4.1.97.Final.jar:/Users/aubreymalabie/.m2/repository/com/squareup/okhttp/okhttp/2.7.5/okhttp-2.7.5.jar:/Users/aubreymalabie/.m2/repository/com/squareup/okio/okio/1.6.0/okio-1.6.0.jar:/Users/aubreymalabie/.m2/repository/joda-time/joda-time/2.12.1/joda-time-2.12.1.jar:/Users/aubreymalabie/.m2/repository/org/json/json/20220924/json-20220924.jar:/Users/aubreymalabie/.m2/repository/com/googlecode/json-simple/json-simple/1.1.1/json-simple-1.1.1.jar:/Users/aubreymalabie/.m2/repository/junit/junit/4.13.2/junit-4.13.2.jar:/Users/aubreymalabie/.m2/repository/org/hamcrest/hamcrest-core/2.2/hamcrest-core-2.2.jar:/Users/aubreymalabie/.m2/repository/com/github/vladimir-bukhtoyarov/bucket4j-core/7.6.0/bucket4j-core-7.6.0.jar:/Users/aubreymalabie/.m2/repository/com/google/cloud/google-cloud-secretmanager/2.1.4/google-cloud-secretmanager-2.1.4.jar:/Users/aubreymalabie/.m2/repository/io/grpc/grpc-api/1.45.0/grpc-api-1.45.0.jar:/Users/aubreymalabie/.m2/repository/io/grpc/grpc-context/1.45.0/grpc-context-1.45.0.jar:/Users/aubreymalabie/.m2/repository/com/google/code/findbugs/jsr305/3.0.2/jsr305-3.0.2.jar:/Users/aubreymalabie/.m2/repository/io/grpc/grpc-stub/1.45.0/grpc-stub-1.45.0.jar:/Users/aubreymalabie/.m2/repository/io/grpc/grpc-protobuf/1.45.0/grpc-protobuf-1.45.0.jar:/Users/aubreymalabie/.m2/repository/io/grpc/grpc-protobuf-lite/1.45.0/grpc-protobuf-lite-1.45.0.jar:/Users/aubreymalabie/.m2/repository/javax/annotation/javax.annotation-api/1.3.2/javax.annotation-api-1.3.2.jar:/Users/aubreymalabie/.m2/repository/com/google/auto/value/auto-value-annotations/1.9/auto-value-annotations-1.9.jar:/Users/aubreymalabie/.m2/repository/com/google/protobuf/protobuf-java/3.19.4/protobuf-java-3.19.4.jar:/Users/aubreymalabie/.m2/repository/com/google/api/grpc/proto-google-common-protos/2.8.0/proto-google-common-protos-2.8.0.jar:/Users/aubreymalabie/.m2/repository/com/google/api/grpc/proto-google-iam-v1/1.2.10/proto-google-iam-v1-1.2.10.jar:/Users/aubreymalabie/.m2/repository/com/google/api/grpc/proto-google-cloud-secretmanager-v1/2.1.4/proto-google-cloud-secretmanager-v1-2.1.4.jar:/Users/aubreymalabie/.m2/repository/com/google/api/grpc/proto-google-cloud-secretmanager-v1beta1/2.1.4/proto-google-cloud-secretmanager-v1beta1-2.1.4.jar:/Users/aubreymalabie/.m2/repository/com/google/guava/failureaccess/1.0.1/failureaccess-1.0.1.jar:/Users/aubreymalabie/.m2/repository/com/google/guava/listenablefuture/9999.0-empty-to-avoid-conflict-with-guava/listenablefuture-9999.0-empty-to-avoid-conflict-with-guava.jar:/Users/aubreymalabie/.m2/repository/com/google/j2objc/j2objc-annotations/1.3/j2objc-annotations-1.3.jar:/Users/aubreymalabie/.m2/repository/com/google/api/gax/2.13.0/gax-2.13.0.jar:/Users/aubreymalabie/.m2/repository/com/google/auth/google-auth-library-credentials/1.6.0/google-auth-library-credentials-1.6.0.jar:/Users/aubreymalabie/.m2/repository/org/apache/httpcomponents/httpclient/4.5.13/httpclient-4.5.13.jar:/Users/aubreymalabie/.m2/repository/commons-logging/commons-logging/1.2/commons-logging-1.2.jar:/Users/aubreymalabie/.m2/repository/commons-codec/commons-codec/1.15/commons-codec-1.15.jar:/Users/aubreymalabie/.m2/repository/org/apache/httpcomponents/httpcore/4.4.16/httpcore-4.4.16.jar:/Users/aubreymalabie/.m2/repository/io/opencensus/opencensus-contrib-http-util/0.31.0/opencensus-contrib-http-util-0.31.0.jar:/Users/aubreymalabie/.m2/repository/com/google/http-client/google-http-client-gson/1.41.5/google-http-client-gson-1.41.5.jar:/Users/aubreymalabie/.m2/repository/io/opencensus/opencensus-api/0.31.0/opencensus-api-0.31.0.jar:/Users/aubreymalabie/.m2/repository/com/google/api/gax-grpc/2.13.0/gax-grpc-2.13.0.jar:/Users/aubreymalabie/.m2/repository/io/grpc/grpc-alts/1.45.0/grpc-alts-1.45.0.jar:/Users/aubreymalabie/.m2/repository/io/grpc/grpc-grpclb/1.45.0/grpc-grpclb-1.45.0.jar:/Users/aubreymalabie/.m2/repository/org/conscrypt/conscrypt-openjdk-uber/2.5.1/conscrypt-openjdk-uber-2.5.1.jar:/Users/aubreymalabie/.m2/repository/io/grpc/grpc-auth/1.45.0/grpc-auth-1.45.0.jar:/Users/aubreymalabie/.m2/repository/io/grpc/grpc-netty-shaded/1.45.0/grpc-netty-shaded-1.45.0.jar:/Users/aubreymalabie/.m2/repository/io/perfmark/perfmark-api/0.23.0/perfmark-api-0.23.0.jar:/Users/aubreymalabie/.m2/repository/io/grpc/grpc-core/1.45.0/grpc-core-1.45.0.jar:/Users/aubreymalabie/.m2/repository/com/google/android/annotations/4.1.1.4/annotations-4.1.1.4.jar:/Users/aubreymalabie/.m2/repository/org/codehaus/mojo/animal-sniffer-annotations/1.21/animal-sniffer-annotations-1.21.jar:/Users/aubreymalabie/.m2/repository/io/grpc/grpc-xds/1.56.1/grpc-xds-1.56.1.jar:/Users/aubreymalabie/.m2/repository/io/grpc/grpc-services/1.45.0/grpc-services-1.45.0.jar:/Users/aubreymalabie/.m2/repository/com/google/code/gson/gson/2.10.1/gson-2.10.1.jar:/Users/aubreymalabie/.m2/repository/com/google/re2j/re2j/1.5/re2j-1.5.jar:/Users/aubreymalabie/.m2/repository/org/bouncycastle/bcpkix-jdk15on/1.67/bcpkix-jdk15on-1.67.jar:/Users/aubreymalabie/.m2/repository/org/bouncycastle/bcprov-jdk15on/1.67/bcprov-jdk15on-1.67.jar:/Users/aubreymalabie/.m2/repository/io/opencensus/opencensus-proto/0.2.0/opencensus-proto-0.2.0.jar:/Users/aubreymalabie/.m2/repository/com/google/protobuf/protobuf-java-util/3.19.4/protobuf-java-util-3.19.4.jar:/Users/aubreymalabie/.m2/repository/org/threeten/threetenbp/1.6.0/threetenbp-1.6.0.jar:/Users/aubreymalabie/.m2/repository/com/google/api-client/google-api-client/1.32.1/google-api-client-1.32.1.jar:/Users/aubreymalabie/.m2/repository/com/google/oauth-client/google-oauth-client/1.34.1/google-oauth-client-1.34.1.jar:/Users/aubreymalabie/.m2/repository/com/google/http-client/google-http-client-apache-v2/1.41.5/google-http-client-apache-v2-1.41.5.jar:/Users/aubreymalabie/.m2/repository/org/springframework/cloud/spring-cloud-gcp-secretmanager/1.2.2.RELEASE/spring-cloud-gcp-secretmanager-1.2.2.RELEASE.jar:/Users/aubreymalabie/.m2/repository/org/springframework/cloud/spring-cloud-gcp-core/1.2.2.RELEASE/spring-cloud-gcp-core-1.2.2.RELEASE.jar:/Users/aubreymalabie/.m2/repository/com/google/cloud/google-cloud-translate/2.1.12/google-cloud-translate-2.1.12.jar:/Users/aubreymalabie/.m2/repository/com/google/api/grpc/proto-google-cloud-translate-v3beta1/0.83.12/proto-google-cloud-translate-v3beta1-0.83.12.jar:/Users/aubreymalabie/.m2/repository/com/google/api/grpc/proto-google-cloud-translate-v3/2.1.12/proto-google-cloud-translate-v3-2.1.12.jar:/Users/aubreymalabie/.m2/repository/com/google/cloud/google-cloud-core/2.5.11/google-cloud-core-2.5.11.jar:/Users/aubreymalabie/.m2/repository/com/google/cloud/google-cloud-core-http/2.5.11/google-cloud-core-http-2.5.11.jar:/Users/aubreymalabie/.m2/repository/com/google/http-client/google-http-client-appengine/1.41.5/google-http-client-appengine-1.41.5.jar:/Users/aubreymalabie/.m2/repository/com/google/api/gax-httpjson/0.98.0/gax-httpjson-0.98.0.jar:/Users/aubreymalabie/.m2/repository/com/google/apis/google-api-services-translate/v2-rev20170525-1.32.1/google-api-services-translate-v2-rev20170525-1.32.1.jar:/Users/aubreymalabie/.m2/repository/com/google/http-client/google-http-client-jackson2/1.41.5/google-http-client-jackson2-1.41.5.jar:/Users/aubreymalabie/.m2/repository/com/fasterxml/jackson/core/jackson-core/2.15.2/jackson-core-2.15.2.jar:"/>
    <property name="sun.cpu.endian" value="little"/>
    <property name="user.home" value="/Users/aubreymalabie"/>
    <property name="user.language" value="en"/>
    <property name="java.specification.vendor" value="Oracle Corporation"/>
    <property name="java.version.date" value="2023-01-17"/>
    <property name="java.home" value="/Users/aubreymalabie/Library/Java/JavaVirtualMachines/openjdk-19.0.2-1/Contents/Home"/>
    <property name="file.separator" value="/"/>
    <property name="basedir" value="/Users/aubreymalabie/Work/aftarobot/kasietransie_springboot"/>
    <property name="java.vm.compressedOopsMode" value="Zero based"/>
    <property name="line.separator" value="&#10;"/>
    <property name="java.vm.specification.vendor" value="Oracle Corporation"/>
    <property name="java.specification.name" value="Java Platform API Specification"/>
    <property name="FILE_LOG_CHARSET" value="UTF-8"/>
    <property name="java.awt.headless" value="true"/>
    <property name="apple.awt.application.name" value="ForkedBooter"/>
    <property name="surefire.real.class.path" value="/Users/aubreymalabie/Work/aftarobot/kasietransie_springboot/target/surefire/surefirebooter-20230910113256625_3.jar"/>
    <property name="sun.management.compiler" value="HotSpot 64-Bit Tiered Compilers"/>
    <property name="ftp.nonProxyHosts" value="local|*.local|169.254/16|*.169.254/16"/>
    <property name="java.runtime.version" value="19.0.2+7-44"/>
    <property name="user.name" value="aubreymalabie"/>
    <property name="stdout.encoding" value="UTF-8"/>
    <property name="path.separator" value=":"/>
    <property name="os.version" value="13.4.1"/>
    <property name="java.runtime.name" value="OpenJDK Runtime Environment"/>
    <property name="file.encoding" value="UTF-8"/>
    <property name="java.vm.name" value="OpenJDK 64-Bit Server VM"/>
    <property name="localRepository" value="/Users/aubreymalabie/.m2/repository"/>
    <property name="java.vendor.url.bug" value="https://bugreport.java.com/bugreport/"/>
    <property name="java.io.tmpdir" value="/var/folders/xg/dm5xlygj10n4b2pkmmkwhdpw0000gn/T/"/>
    <property name="java.version" value="19.0.2"/>
    <property name="user.dir" value="/Users/aubreymalabie/Work/aftarobot/kasietransie_springboot"/>
    <property name="os.arch" value="aarch64"/>
    <property name="java.vm.specification.name" value="Java Virtual Machine Specification"/>
    <property name="PID" value="11511"/>
    <property name="CONSOLE_LOG_CHARSET" value="UTF-8"/>
    <property name="native.encoding" value="UTF-8"/>
    <property name="java.library.path" value="/Users/aubreymalabie/Library/Java/Extensions:/Library/Java/Extensions:/Network/Library/Java/Extensions:/System/Library/Java/Extensions:/usr/lib/java:."/>
    <property name="java.vm.info" value="mixed mode, sharing"/>
    <property name="stderr.encoding" value="UTF-8"/>
    <property name="java.vendor" value="Oracle Corporation"/>
    <property name="java.vm.version" value="19.0.2+7-44"/>
    <property name="sun.io.unicode.encoding" value="UnicodeBig"/>
    <property name="socksNonProxyHosts" value="local|*.local|169.254/16|*.169.254/16"/>
    <property name="java.class.version" value="63.0"/>
  </properties>
  <testcase name="contextLoads" classname="com.boha.kasietransie.KasietransieApplicationTests" time="0.002">
    <error message="Failed to load ApplicationContext for [WebMergedContextConfiguration@147ad4bb testClass = com.boha.kasietransie.KasietransieApplicationTests, locations = [], classes = [com.boha.kasietransie.KasieTransieBackendApplication], contextInitializerClasses = [], activeProfiles = [], propertySourceLocations = [], propertySourceProperties = [&quot;org.springframework.boot.test.context.SpringBootTestContextBootstrapper=true&quot;], contextCustomizers = [org.springframework.boot.test.context.filter.ExcludeFilterContextCustomizer@6cb107fd, org.springframework.boot.test.json.DuplicateJsonObjectContextCustomizerFactory$DuplicateJsonObjectContextCustomizer@eadd4fb, org.springframework.boot.test.mock.mockito.MockitoContextCustomizer@0, org.springframework.boot.test.web.client.TestRestTemplateContextCustomizer@5b7a7f33, org.springframework.boot.test.autoconfigure.actuate.observability.ObservabilityContextCustomizerFactory$DisableObservabilityContextCustomizer@1f, org.springframework.boot.test.autoconfigure.properties.PropertyMappingContextCustomizer@0, org.springframework.boot.test.autoconfigure.web.servlet.WebDriverContextCustomizer@7857fe2, org.springframework.boot.test.context.SpringBootTestAnnotation@c8120ac1], resourceBasePath = &quot;src/main/webapp&quot;, contextLoader = org.springframework.boot.test.context.SpringBootContextLoader, parent = null]" type="java.lang.IllegalStateException"><![CDATA[java.lang.IllegalStateException: Failed to load ApplicationContext for [WebMergedContextConfiguration@147ad4bb testClass = com.boha.kasietransie.KasietransieApplicationTests, locations = [], classes = [com.boha.kasietransie.KasieTransieBackendApplication], contextInitializerClasses = [], activeProfiles = [], propertySourceLocations = [], propertySourceProperties = ["org.springframework.boot.test.context.SpringBootTestContextBootstrapper=true"], contextCustomizers = [org.springframework.boot.test.context.filter.ExcludeFilterContextCustomizer@6cb107fd, org.springframework.boot.test.json.DuplicateJsonObjectContextCustomizerFactory$DuplicateJsonObjectContextCustomizer@eadd4fb, org.springframework.boot.test.mock.mockito.MockitoContextCustomizer@0, org.springframework.boot.test.web.client.TestRestTemplateContextCustomizer@5b7a7f33, org.springframework.boot.test.autoconfigure.actuate.observability.ObservabilityContextCustomizerFactory$DisableObservabilityContextCustomizer@1f, org.springframework.boot.test.autoconfigure.properties.PropertyMappingContextCustomizer@0, org.springframework.boot.test.autoconfigure.web.servlet.WebDriverContextCustomizer@7857fe2, org.springframework.boot.test.context.SpringBootTestAnnotation@c8120ac1], resourceBasePath = "src/main/webapp", contextLoader = org.springframework.boot.test.context.SpringBootContextLoader, parent = null]
	at org.springframework.test.context.cache.DefaultCacheAwareContextLoaderDelegate.loadContext(DefaultCacheAwareContextLoaderDelegate.java:143)
	at org.springframework.test.context.support.DefaultTestContext.getApplicationContext(DefaultTestContext.java:127)
	at org.springframework.test.context.web.ServletTestExecutionListener.setUpRequestContextIfNecessary(ServletTestExecutionListener.java:191)
	at org.springframework.test.context.web.ServletTestExecutionListener.prepareTestInstance(ServletTestExecutionListener.java:130)
	at org.springframework.test.context.TestContextManager.prepareTestInstance(TestContextManager.java:241)
	at org.springframework.test.context.junit.jupiter.SpringExtension.postProcessTestInstance(SpringExtension.java:138)
	at org.junit.jupiter.engine.descriptor.ClassBasedTestDescriptor.lambda$invokeTestInstancePostProcessors$10(ClassBasedTestDescriptor.java:377)
	at org.junit.jupiter.engine.descriptor.ClassBasedTestDescriptor.executeAndMaskThrowable(ClassBasedTestDescriptor.java:382)
	at org.junit.jupiter.engine.descriptor.ClassBasedTestDescriptor.lambda$invokeTestInstancePostProcessors$11(ClassBasedTestDescriptor.java:377)
	at java.base/java.util.stream.ReferencePipeline$3$1.accept(ReferencePipeline.java:197)
	at java.base/java.util.stream.ReferencePipeline$2$1.accept(ReferencePipeline.java:179)
	at java.base/java.util.ArrayList$ArrayListSpliterator.forEachRemaining(ArrayList.java:1625)
	at java.base/java.util.stream.AbstractPipeline.copyInto(AbstractPipeline.java:509)
	at java.base/java.util.stream.AbstractPipeline.wrapAndCopyInto(AbstractPipeline.java:499)
	at java.base/java.util.stream.StreamSpliterators$WrappingSpliterator.forEachRemaining(StreamSpliterators.java:310)
	at java.base/java.util.stream.Streams$ConcatSpliterator.forEachRemaining(Streams.java:735)
	at java.base/java.util.stream.Streams$ConcatSpliterator.forEachRemaining(Streams.java:734)
	at java.base/java.util.stream.ReferencePipeline$Head.forEach(ReferencePipeline.java:762)
	at org.junit.jupiter.engine.descriptor.ClassBasedTestDescriptor.invokeTestInstancePostProcessors(ClassBasedTestDescriptor.java:376)
	at org.junit.jupiter.engine.descriptor.ClassBasedTestDescriptor.lambda$instantiateAndPostProcessTestInstance$6(ClassBasedTestDescriptor.java:289)
	at org.junit.platform.engine.support.hierarchical.ThrowableCollector.execute(ThrowableCollector.java:73)
	at org.junit.jupiter.engine.descriptor.ClassBasedTestDescriptor.instantiateAndPostProcessTestInstance(ClassBasedTestDescriptor.java:288)
	at org.junit.jupiter.engine.descriptor.ClassBasedTestDescriptor.lambda$testInstancesProvider$4(ClassBasedTestDescriptor.java:278)
	at java.base/java.util.Optional.orElseGet(Optional.java:364)
	at org.junit.jupiter.engine.descriptor.ClassBasedTestDescriptor.lambda$testInstancesProvider$5(ClassBasedTestDescriptor.java:277)
	at org.junit.jupiter.engine.execution.TestInstancesProvider.getTestInstances(TestInstancesProvider.java:31)
	at org.junit.jupiter.engine.descriptor.TestMethodTestDescriptor.lambda$prepare$0(TestMethodTestDescriptor.java:105)
	at org.junit.platform.engine.support.hierarchical.ThrowableCollector.execute(ThrowableCollector.java:73)
	at org.junit.jupiter.engine.descriptor.TestMethodTestDescriptor.prepare(TestMethodTestDescriptor.java:104)
	at org.junit.jupiter.engine.descriptor.TestMethodTestDescriptor.prepare(TestMethodTestDescriptor.java:68)
	at org.junit.platform.engine.support.hierarchical.NodeTestTask.lambda$prepare$2(NodeTestTask.java:123)
	at org.junit.platform.engine.support.hierarchical.ThrowableCollector.execute(ThrowableCollector.java:73)
	at org.junit.platform.engine.support.hierarchical.NodeTestTask.prepare(NodeTestTask.java:123)
	at org.junit.platform.engine.support.hierarchical.NodeTestTask.execute(NodeTestTask.java:90)
	at java.base/java.util.ArrayList.forEach(ArrayList.java:1511)
	at org.junit.platform.engine.support.hierarchical.SameThreadHierarchicalTestExecutorService.invokeAll(SameThreadHierarchicalTestExecutorService.java:41)
	at org.junit.platform.engine.support.hierarchical.NodeTestTask.lambda$executeRecursively$6(NodeTestTask.java:155)
	at org.junit.platform.engine.support.hierarchical.ThrowableCollector.execute(ThrowableCollector.java:73)
	at org.junit.platform.engine.support.hierarchical.NodeTestTask.lambda$executeRecursively$8(NodeTestTask.java:141)
	at org.junit.platform.engine.support.hierarchical.Node.around(Node.java:137)
	at org.junit.platform.engine.support.hierarchical.NodeTestTask.lambda$executeRecursively$9(NodeTestTask.java:139)
	at org.junit.platform.engine.support.hierarchical.ThrowableCollector.execute(ThrowableCollector.java:73)
	at org.junit.platform.engine.support.hierarchical.NodeTestTask.executeRecursively(NodeTestTask.java:138)
	at org.junit.platform.engine.support.hierarchical.NodeTestTask.execute(NodeTestTask.java:95)
	at java.base/java.util.ArrayList.forEach(ArrayList.java:1511)
	at org.junit.platform.engine.support.hierarchical.SameThreadHierarchicalTestExecutorService.invokeAll(SameThreadHierarchicalTestExecutorService.java:41)
	at org.junit.platform.engine.support.hierarchical.NodeTestTask.lambda$executeRecursively$6(NodeTestTask.java:155)
	at org.junit.platform.engine.support.hierarchical.ThrowableCollector.execute(ThrowableCollector.java:73)
	at org.junit.platform.engine.support.hierarchical.NodeTestTask.lambda$executeRecursively$8(NodeTestTask.java:141)
	at org.junit.platform.engine.support.hierarchical.Node.around(Node.java:137)
	at org.junit.platform.engine.support.hierarchical.NodeTestTask.lambda$executeRecursively$9(NodeTestTask.java:139)
	at org.junit.platform.engine.support.hierarchical.ThrowableCollector.execute(ThrowableCollector.java:73)
	at org.junit.platform.engine.support.hierarchical.NodeTestTask.executeRecursively(NodeTestTask.java:138)
	at org.junit.platform.engine.support.hierarchical.NodeTestTask.execute(NodeTestTask.java:95)
	at org.junit.platform.engine.support.hierarchical.SameThreadHierarchicalTestExecutorService.submit(SameThreadHierarchicalTestExecutorService.java:35)
	at org.junit.platform.engine.support.hierarchical.HierarchicalTestExecutor.execute(HierarchicalTestExecutor.java:57)
	at org.junit.platform.engine.support.hierarchical.HierarchicalTestEngine.execute(HierarchicalTestEngine.java:54)
	at org.junit.platform.launcher.core.EngineExecutionOrchestrator.execute(EngineExecutionOrchestrator.java:147)
	at org.junit.platform.launcher.core.EngineExecutionOrchestrator.execute(EngineExecutionOrchestrator.java:127)
	at org.junit.platform.launcher.core.EngineExecutionOrchestrator.execute(EngineExecutionOrchestrator.java:90)
	at org.junit.platform.launcher.core.EngineExecutionOrchestrator.lambda$execute$0(EngineExecutionOrchestrator.java:55)
	at org.junit.platform.launcher.core.EngineExecutionOrchestrator.withInterceptedStreams(EngineExecutionOrchestrator.java:102)
	at org.junit.platform.launcher.core.EngineExecutionOrchestrator.execute(EngineExecutionOrchestrator.java:54)
	at org.junit.platform.launcher.core.DefaultLauncher.execute(DefaultLauncher.java:114)
	at org.junit.platform.launcher.core.DefaultLauncher.execute(DefaultLauncher.java:86)
	at org.junit.platform.launcher.core.DefaultLauncherSession$DelegatingLauncher.execute(DefaultLauncherSession.java:86)
	at org.apache.maven.surefire.junitplatform.LazyLauncher.execute(LazyLauncher.java:50)
	at org.apache.maven.surefire.junitplatform.JUnitPlatformProvider.execute(JUnitPlatformProvider.java:184)
	at org.apache.maven.surefire.junitplatform.JUnitPlatformProvider.invokeAllTests(JUnitPlatformProvider.java:148)
	at org.apache.maven.surefire.junitplatform.JUnitPlatformProvider.invoke(JUnitPlatformProvider.java:122)
	at org.apache.maven.surefire.booter.ForkedBooter.runSuitesInProcess(ForkedBooter.java:385)
	at org.apache.maven.surefire.booter.ForkedBooter.execute(ForkedBooter.java:162)
	at org.apache.maven.surefire.booter.ForkedBooter.run(ForkedBooter.java:507)
	at org.apache.maven.surefire.booter.ForkedBooter.main(ForkedBooter.java:495)
Caused by: org.springframework.beans.factory.BeanCreationException: Error creating bean with name 'firestore' defined in class path resource [com/google/cloud/spring/autoconfigure/firestore/GcpFirestoreAutoConfiguration.class]: Failed to instantiate [com.google.cloud.firestore.Firestore]: Factory method 'firestore' threw exception with message: io.grpc.LoadBalancerProvider: io.grpc.xds.WeightedRoundRobinLoadBalancerProvider Unable to get public no-arg constructor
	at org.springframework.beans.factory.support.ConstructorResolver.instantiate(ConstructorResolver.java:659)
	at org.springframework.beans.factory.support.ConstructorResolver.instantiateUsingFactoryMethod(ConstructorResolver.java:647)
	at org.springframework.beans.factory.support.AbstractAutowireCapableBeanFactory.instantiateUsingFactoryMethod(AbstractAutowireCapableBeanFactory.java:1332)
	at org.springframework.beans.factory.support.AbstractAutowireCapableBeanFactory.createBeanInstance(AbstractAutowireCapableBeanFactory.java:1162)
	at org.springframework.beans.factory.support.AbstractAutowireCapableBeanFactory.doCreateBean(AbstractAutowireCapableBeanFactory.java:560)
	at org.springframework.beans.factory.support.AbstractAutowireCapableBeanFactory.createBean(AbstractAutowireCapableBeanFactory.java:520)
	at org.springframework.beans.factory.support.AbstractBeanFactory.lambda$doGetBean$0(AbstractBeanFactory.java:326)
	at org.springframework.beans.factory.support.DefaultSingletonBeanRegistry.getSingleton(DefaultSingletonBeanRegistry.java:234)
	at org.springframework.beans.factory.support.AbstractBeanFactory.doGetBean(AbstractBeanFactory.java:324)
	at org.springframework.beans.factory.support.AbstractBeanFactory.getBean(AbstractBeanFactory.java:200)
	at org.springframework.beans.factory.support.DefaultListableBeanFactory.preInstantiateSingletons(DefaultListableBeanFactory.java:973)
	at org.springframework.context.support.AbstractApplicationContext.finishBeanFactoryInitialization(AbstractApplicationContext.java:942)
	at org.springframework.context.support.AbstractApplicationContext.refresh(AbstractApplicationContext.java:608)
	at org.springframework.boot.SpringApplication.refresh(SpringApplication.java:734)
	at org.springframework.boot.SpringApplication.refreshContext(SpringApplication.java:436)
	at org.springframework.boot.SpringApplication.run(SpringApplication.java:312)
	at org.springframework.boot.test.context.SpringBootContextLoader.lambda$loadContext$3(SpringBootContextLoader.java:137)
	at org.springframework.util.function.ThrowingSupplier.get(ThrowingSupplier.java:58)
	at org.springframework.util.function.ThrowingSupplier.get(ThrowingSupplier.java:46)
	at org.springframework.boot.SpringApplication.withHook(SpringApplication.java:1406)
	at org.springframework.boot.test.context.SpringBootContextLoader$ContextLoaderHook.run(SpringBootContextLoader.java:545)
	at org.springframework.boot.test.context.SpringBootContextLoader.loadContext(SpringBootContextLoader.java:137)
	at org.springframework.boot.test.context.SpringBootContextLoader.loadContext(SpringBootContextLoader.java:108)
	at org.springframework.test.context.cache.DefaultCacheAwareContextLoaderDelegate.loadContextInternal(DefaultCacheAwareContextLoaderDelegate.java:187)
	at org.springframework.test.context.cache.DefaultCacheAwareContextLoaderDelegate.loadContext(DefaultCacheAwareContextLoaderDelegate.java:119)
	... 73 more
Caused by: org.springframework.beans.BeanInstantiationException: Failed to instantiate [com.google.cloud.firestore.Firestore]: Factory method 'firestore' threw exception with message: io.grpc.LoadBalancerProvider: io.grpc.xds.WeightedRoundRobinLoadBalancerProvider Unable to get public no-arg constructor
	at org.springframework.beans.factory.support.SimpleInstantiationStrategy.instantiate(SimpleInstantiationStrategy.java:171)
	at org.springframework.beans.factory.support.ConstructorResolver.instantiate(ConstructorResolver.java:655)
	... 97 more
Caused by: java.util.ServiceConfigurationError: io.grpc.LoadBalancerProvider: io.grpc.xds.WeightedRoundRobinLoadBalancerProvider Unable to get public no-arg constructor
	at java.base/java.util.ServiceLoader.fail(ServiceLoader.java:586)
	at java.base/java.util.ServiceLoader.getConstructor(ServiceLoader.java:679)
	at java.base/java.util.ServiceLoader$LazyClassPathLookupIterator.hasNextService(ServiceLoader.java:1240)
	at java.base/java.util.ServiceLoader$LazyClassPathLookupIterator.hasNext(ServiceLoader.java:1273)
	at java.base/java.util.ServiceLoader$2.hasNext(ServiceLoader.java:1309)
	at java.base/java.util.ServiceLoader$3.hasNext(ServiceLoader.java:1393)
	at io.grpc.ServiceProviders.loadAll(ServiceProviders.java:67)
	at io.grpc.LoadBalancerRegistry.getDefaultRegistry(LoadBalancerRegistry.java:102)
	at io.grpc.internal.AutoConfiguredLoadBalancerFactory.<init>(AutoConfiguredLoadBalancerFactory.java:53)
	at io.grpc.internal.ManagedChannelImpl.<init>(ManagedChannelImpl.java:635)
	at io.grpc.internal.ManagedChannelImplBuilder.build(ManagedChannelImplBuilder.java:630)
	at io.grpc.internal.AbstractManagedChannelImplBuilder.build(AbstractManagedChannelImplBuilder.java:297)
	at com.google.api.gax.grpc.InstantiatingGrpcChannelProvider.createSingleChannel(InstantiatingGrpcChannelProvider.java:388)
	at com.google.api.gax.grpc.ChannelPool.<init>(ChannelPool.java:105)
	at com.google.api.gax.grpc.ChannelPool.create(ChannelPool.java:83)
	at com.google.api.gax.grpc.InstantiatingGrpcChannelProvider.createChannel(InstantiatingGrpcChannelProvider.java:236)
	at com.google.api.gax.grpc.InstantiatingGrpcChannelProvider.getTransportChannel(InstantiatingGrpcChannelProvider.java:230)
	at com.google.api.gax.rpc.ClientContext.create(ClientContext.java:201)
	at com.google.api.gax.rpc.ClientContext.create(ClientContext.java:132)
	at com.google.cloud.firestore.spi.v1.GrpcFirestoreRpc.<init>(GrpcFirestoreRpc.java:125)
	at com.google.cloud.firestore.FirestoreOptions$DefaultFirestoreRpcFactory.create(FirestoreOptions.java:88)
	at com.google.cloud.firestore.FirestoreOptions$DefaultFirestoreRpcFactory.create(FirestoreOptions.java:80)
	at com.google.cloud.ServiceOptions.getRpc(ServiceOptions.java:560)
	at com.google.cloud.firestore.FirestoreOptions.getFirestoreRpc(FirestoreOptions.java:358)
	at com.google.cloud.firestore.FirestoreImpl.<init>(FirestoreImpl.java:79)
	at com.google.cloud.firestore.FirestoreOptions$DefaultFirestoreFactory.create(FirestoreOptions.java:71)
	at com.google.cloud.firestore.FirestoreOptions$DefaultFirestoreFactory.create(FirestoreOptions.java:64)
	at com.google.cloud.ServiceOptions.getService(ServiceOptions.java:540)
	at com.google.cloud.spring.autoconfigure.firestore.GcpFirestoreAutoConfiguration.firestore(GcpFirestoreAutoConfiguration.java:107)
	at java.base/jdk.internal.reflect.DirectMethodHandleAccessor.invoke(DirectMethodHandleAccessor.java:104)
	at java.base/java.lang.reflect.Method.invoke(Method.java:578)
	at org.springframework.beans.factory.support.SimpleInstantiationStrategy.instantiate(SimpleInstantiationStrategy.java:139)
	... 98 more
Caused by: java.lang.IncompatibleClassChangeError: class io.grpc.xds.WeightedRoundRobinLoadBalancer cannot inherit from final class io.grpc.util.RoundRobinLoadBalancer
	at java.base/java.lang.ClassLoader.defineClass1(Native Method)
	at java.base/java.lang.ClassLoader.defineClass(ClassLoader.java:1013)
	at java.base/java.security.SecureClassLoader.defineClass(SecureClassLoader.java:150)
	at java.base/jdk.internal.loader.BuiltinClassLoader.defineClass(BuiltinClassLoader.java:862)
	at java.base/jdk.internal.loader.BuiltinClassLoader.findClassOnClassPathOrNull(BuiltinClassLoader.java:760)
	at java.base/jdk.internal.loader.BuiltinClassLoader.loadClassOrNull(BuiltinClassLoader.java:681)
	at java.base/jdk.internal.loader.BuiltinClassLoader.loadClass(BuiltinClassLoader.java:639)
	at java.base/jdk.internal.loader.ClassLoaders$AppClassLoader.loadClass(ClassLoaders.java:188)
	at java.base/java.lang.ClassLoader.loadClass(ClassLoader.java:521)
	at java.base/java.lang.Class.getDeclaredConstructors0(Native Method)
	at java.base/java.lang.Class.privateGetDeclaredConstructors(Class.java:3429)
	at java.base/java.lang.Class.getConstructor0(Class.java:3634)
	at java.base/java.lang.Class.getConstructor(Class.java:2324)
	at java.base/java.util.ServiceLoader$1.run(ServiceLoader.java:666)
	at java.base/java.util.ServiceLoader$1.run(ServiceLoader.java:663)
	at java.base/java.security.AccessController.doPrivileged(AccessController.java:569)
	at java.base/java.util.ServiceLoader.getConstructor(ServiceLoader.java:674)
	... 128 more
]]></error>
    <system-out><![CDATA[11:32:57.034 [main] INFO org.springframework.test.context.support.AnnotationConfigContextLoaderUtils -- Could not detect default configuration classes for test class [com.boha.kasietransie.KasietransieApplicationTests]: KasietransieApplicationTests does not declare any static, non-private, non-final, nested classes annotated with @Configuration.
11:32:57.085 [main] INFO org.springframework.boot.test.context.SpringBootTestContextBootstrapper -- Found @SpringBootConfiguration com.boha.kasietransie.KasieTransieBackendApplication for test class com.boha.kasietransie.KasietransieApplicationTests

  .   ____          _            __ _ _
 /\\ / ___'_ __ _ _(_)_ __  __ _ \ \ \ \
( ( )\___ | '_ | '_| | '_ \/ _` | \ \ \ \
 \\/  ___)| |_)| | | | | || (_| |  ) ) ) )
  '  |____| .__|_| |_|_| |_\__, | / / / /
 =========|_|==============|___/=/_/_/_/
 :: Spring Boot ::                (v3.1.3)

2023-09-10T11:32:57.309+02:00  WARN 11511 --- [           main] ory$DuplicateJsonObjectContextCustomizer : 

Found multiple occurrences of org.json.JSONObject on the class path:

	jar:file:/Users/aubreymalabie/.m2/repository/com/vaadin/external/google/android-json/0.0.20131108.vaadin1/android-json-0.0.20131108.vaadin1.jar!/org/json/JSONObject.class
	jar:file:/Users/aubreymalabie/.m2/repository/org/json/json/20220924/json-20220924.jar!/org/json/JSONObject.class

You may wish to exclude one of them to ensure predictable runtime behavior

2023-09-10T11:32:57.319+02:00  INFO 11511 --- [           main] c.b.k.KasietransieApplicationTests       : Starting KasietransieApplicationTests using Java 19.0.2 with PID 11511 (started by aubreymalabie in /Users/aubreymalabie/Work/aftarobot/kasietransie_springboot)
2023-09-10T11:32:57.319+02:00  INFO 11511 --- [           main] c.b.k.KasietransieApplicationTests       : The following 1 profile is active: "dev"
2023-09-10T11:32:57.665+02:00  INFO 11511 --- [           main] .s.d.r.c.RepositoryConfigurationDelegate : Bootstrapping Spring Data MongoDB repositories in DEFAULT mode.
2023-09-10T11:32:57.709+02:00  INFO 11511 --- [           main] .s.d.r.c.RepositoryConfigurationDelegate : Finished Spring Data repository scanning in 41 ms. Found 36 MongoDB repository interfaces.
2023-09-10T11:32:58.131+02:00  INFO 11511 --- [           main] MongoConfig                              : 💦💦💦💦 MongoClient bean prep, active profile: dev
2023-09-10T11:32:58.132+02:00  INFO 11511 --- [           main] MongoConfig                              : 💦💦💦💦 Using local MongoDB Server with mongodb://localhost:27017
2023-09-10T11:32:58.135+02:00  INFO 11511 --- [           main] MongoConfig                              : 🌀🌀🌀MongoDB Connection userName: 🍎 : null
2023-09-10T11:32:58.184+02:00  INFO 11511 --- [           main] org.mongodb.driver.client                : MongoClient with metadata {"driver": {"name": "mongo-java-driver|sync", "version": "4.9.1"}, "os": {"type": "Darwin", "name": "Mac OS X", "architecture": "aarch64", "version": "13.4.1"}, "platform": "Java/Oracle Corporation/19.0.2+7-44"} created with settings MongoClientSettings{readPreference=primary, writeConcern=WriteConcern{w=null, wTimeout=null ms, journal=null}, retryWrites=true, retryReads=true, readConcern=ReadConcern{level=null}, credential=null, streamFactoryFactory=null, commandListeners=[], codecRegistry=ProvidersCodecRegistry{codecProviders=[ProvidersCodecRegistry{codecProviders=[ValueCodecProvider{}, BsonValueCodecProvider{}, DBRefCodecProvider{}, DBObjectCodecProvider{}, DocumentCodecProvider{}, CollectionCodecProvider{}, IterableCodecProvider{}, MapCodecProvider{}, GeoJsonCodecProvider{}, GridFSFileCodecProvider{}, Jsr310CodecProvider{}, JsonObjectCodecProvider{}, BsonCodecProvider{}, EnumCodecProvider{}, com.mongodb.client.model.mql.ExpressionCodecProvider@b8a144e, com.mongodb.Jep395RecordCodecProvider@5fb8dc01]}, ProvidersCodecRegistry{codecProviders=[org.bson.codecs.pojo.PojoCodecProvider@3e38c472]}]}, loggerSettings=LoggerSettings{maxDocumentLength=1000}, clusterSettings={hosts=[localhost:27017], srvServiceName=mongodb, mode=SINGLE, requiredClusterType=UNKNOWN, requiredReplicaSetName='null', serverSelector='null', clusterListeners='[]', serverSelectionTimeout='30000 ms', localThreshold='30000 ms'}, socketSettings=SocketSettings{connectTimeoutMS=10000, readTimeoutMS=0, receiveBufferSize=0, sendBufferSize=0}, heartbeatSocketSettings=SocketSettings{connectTimeoutMS=10000, readTimeoutMS=10000, receiveBufferSize=0, sendBufferSize=0}, connectionPoolSettings=ConnectionPoolSettings{maxSize=100, minSize=0, maxWaitTimeMS=120000, maxConnectionLifeTimeMS=0, maxConnectionIdleTimeMS=0, maintenanceInitialDelayMS=0, maintenanceFrequencyMS=60000, connectionPoolListeners=[], maxConnecting=2}, serverSettings=ServerSettings{heartbeatFrequencyMS=10000, minHeartbeatFrequencyMS=500, serverListeners='[]', serverMonitorListeners='[]'}, sslSettings=SslSettings{enabled=false, invalidHostNameAllowed=false, context=null}, applicationName='null', compressorList=[], uuidRepresentation=UNSPECIFIED, serverApi=null, autoEncryptionSettings=null, contextProvider=null}
2023-09-10T11:32:58.188+02:00  INFO 11511 --- [           main] MongoConfig                              : 🌀🌀🌀MongoDB has been configured. Database Name: kasie_transie_db 🌀🌀🌀
2023-09-10T11:32:58.193+02:00  INFO 11511 --- [           main] org.mongodb.driver.cluster               : Cluster description not yet available. Waiting for 30000 ms before timing out
2023-09-10T11:32:58.209+02:00  INFO 11511 --- [localhost:27017] org.mongodb.driver.cluster               : Monitor thread successfully connected to server with description ServerDescription{address=localhost:27017, type=STANDALONE, state=CONNECTED, ok=true, minWireVersion=0, maxWireVersion=17, maxDocumentSize=16777216, logicalSessionTimeoutMinutes=30, roundTripTimeNanos=18561333}
2023-09-10T11:32:58.245+02:00  INFO 11511 --- [           main] MongoConfig                              : 🌀🌀🌀 MongoDB Database: {"name": "admin", "sizeOnDisk": 40960, "empty": false}💦💦
2023-09-10T11:32:58.245+02:00  INFO 11511 --- [           main] MongoConfig                              : 🌀🌀🌀 MongoDB Database: {"name": "config", "sizeOnDisk": 49152, "empty": false}💦💦
2023-09-10T11:32:58.245+02:00  INFO 11511 --- [           main] MongoConfig                              : 🌀🌀🌀 MongoDB Database: {"name": "dev", "sizeOnDisk": 12288, "empty": false}💦💦
2023-09-10T11:32:58.245+02:00  INFO 11511 --- [           main] MongoConfig                              : 🌀🌀🌀 MongoDB Database: {"name": "geo", "sizeOnDisk": 5320704, "empty": false}💦💦
2023-09-10T11:32:58.245+02:00  INFO 11511 --- [           main] MongoConfig                              : 🌀🌀🌀 MongoDB Database: {"name": "kasie_transie_db", "sizeOnDisk": 54046720, "empty": false}💦💦
2023-09-10T11:32:58.246+02:00  INFO 11511 --- [           main] MongoConfig                              : 🌀🌀🌀 MongoDB Database: {"name": "local", "sizeOnDisk": 94208, "empty": false}💦💦
2023-09-10T11:32:58.264+02:00  INFO 11511 --- [           main] MongoConfig                              : 🌀🌀🌀 localhost:27017 MongoClientSettings have been set with pojoCodecRegistry for db: kasie_transie_db 💦💦
2023-09-10T11:32:58.277+02:00  INFO 11511 --- [           main] MongoConfig                              : 🌀🌀🌀kasie_transie_db collection #1 🍎 AmbassadorCheckIn has 🌼 0 documents 💦💦
2023-09-10T11:32:58.310+02:00  INFO 11511 --- [           main] MongoConfig                              : 🌀🌀🌀kasie_transie_db collection #2 🍎 AmbassadorPassengerCount has 🌼 14977 documents 💦💦
2023-09-10T11:32:58.312+02:00  INFO 11511 --- [           main] MongoConfig                              : 🌀🌀🌀kasie_transie_db collection #3 🍎 AppError has 🌼 0 documents 💦💦
2023-09-10T11:32:58.313+02:00  INFO 11511 --- [           main] MongoConfig                              : 🌀🌀🌀kasie_transie_db collection #4 🍎 Association has 🌼 4 documents 💦💦
2023-09-10T11:32:58.314+02:00  INFO 11511 --- [           main] MongoConfig                              : 🌀🌀🌀kasie_transie_db collection #5 🍎 AssociationToken has 🌼 1 documents 💦💦
2023-09-10T11:32:58.315+02:00  INFO 11511 --- [           main] MongoConfig                              : 🌀🌀🌀kasie_transie_db collection #6 🍎 CalculatedDistance has 🌼 96 documents 💦💦
2023-09-10T11:32:58.401+02:00  INFO 11511 --- [           main] MongoConfig                              : 🌀🌀🌀kasie_transie_db collection #7 🍎 City has 🌼 162913 documents 💦💦
2023-09-10T11:32:58.405+02:00  INFO 11511 --- [           main] MongoConfig                              : 🌀🌀🌀kasie_transie_db collection #8 🍎 Commuter has 🌼 1807 documents 💦💦
2023-09-10T11:32:58.410+02:00  INFO 11511 --- [           main] MongoConfig                              : 🌀🌀🌀kasie_transie_db collection #9 🍎 CommuterRequest has 🌼 3717 documents 💦💦
2023-09-10T11:32:58.411+02:00  INFO 11511 --- [           main] MongoConfig                              : 🌀🌀🌀kasie_transie_db collection #10 🍎 Country has 🌼 250 documents 💦💦
2023-09-10T11:32:58.426+02:00  INFO 11511 --- [           main] MongoConfig                              : 🌀🌀🌀kasie_transie_db collection #11 🍎 DispatchRecord has 🌼 14112 documents 💦💦
2023-09-10T11:32:58.432+02:00  INFO 11511 --- [           main] MongoConfig                              : 🌀🌀🌀kasie_transie_db collection #12 🍎 ExampleFile has 🌼 0 documents 💦💦
2023-09-10T11:32:58.435+02:00  INFO 11511 --- [           main] MongoConfig                              : 🌀🌀🌀kasie_transie_db collection #13 🍎 Landmark has 🌼 173 documents 💦💦
2023-09-10T11:32:58.438+02:00  INFO 11511 --- [           main] MongoConfig                              : 🌀🌀🌀kasie_transie_db collection #14 🍎 LocationRequest has 🌼 267 documents 💦💦
2023-09-10T11:32:58.442+02:00  INFO 11511 --- [           main] MongoConfig                              : 🌀🌀🌀kasie_transie_db collection #15 🍎 LocationResponse has 🌼 190 documents 💦💦
2023-09-10T11:32:58.443+02:00  INFO 11511 --- [           main] MongoConfig                              : 🌀🌀🌀kasie_transie_db collection #16 🍎 RegistrationBag has 🌼 0 documents 💦💦
2023-09-10T11:32:58.444+02:00  INFO 11511 --- [           main] MongoConfig                              : 🌀🌀🌀kasie_transie_db collection #17 🍎 Route has 🌼 23 documents 💦💦
2023-09-10T11:32:58.446+02:00  INFO 11511 --- [           main] MongoConfig                              : 🌀🌀🌀kasie_transie_db collection #18 🍎 RouteAssignment has 🌼 220 documents 💦💦
2023-09-10T11:32:58.448+02:00  INFO 11511 --- [           main] MongoConfig                              : 🌀🌀🌀kasie_transie_db collection #19 🍎 RouteCity has 🌼 237 documents 💦💦
2023-09-10T11:32:58.450+02:00  INFO 11511 --- [           main] MongoConfig                              : 🌀🌀🌀kasie_transie_db collection #20 🍎 RouteLandmark has 🌼 113 documents 💦💦
2023-09-10T11:32:58.465+02:00  INFO 11511 --- [           main] MongoConfig                              : 🌀🌀🌀kasie_transie_db collection #21 🍎 RoutePoint has 🌼 10570 documents 💦💦
2023-09-10T11:32:58.466+02:00  INFO 11511 --- [           main] MongoConfig                              : 🌀🌀🌀kasie_transie_db collection #22 🍎 RouteUpdateRequest has 🌼 0 documents 💦💦
2023-09-10T11:32:58.468+02:00  INFO 11511 --- [           main] MongoConfig                              : 🌀🌀🌀kasie_transie_db collection #23 🍎 SettingsModel has 🌼 0 documents 💦💦
2023-09-10T11:32:58.474+02:00  INFO 11511 --- [           main] MongoConfig                              : 🌀🌀🌀kasie_transie_db collection #24 🍎 State has 🌼 5076 documents 💦💦
2023-09-10T11:32:58.478+02:00  INFO 11511 --- [           main] MongoConfig                              : 🌀🌀🌀kasie_transie_db collection #25 🍎 TranslationBag has 🌼 5982 documents 💦💦
2023-09-10T11:32:58.479+02:00  INFO 11511 --- [           main] MongoConfig                              : 🌀🌀🌀kasie_transie_db collection #26 🍎 User has 🌼 67 documents 💦💦
2023-09-10T11:32:58.480+02:00  INFO 11511 --- [           main] MongoConfig                              : 🌀🌀🌀kasie_transie_db collection #27 🍎 UserGeofenceEvent has 🌼 303 documents 💦💦
2023-09-10T11:32:58.481+02:00  INFO 11511 --- [           main] MongoConfig                              : 🌀🌀🌀kasie_transie_db collection #28 🍎 Vehicle has 🌼 737 documents 💦💦
2023-09-10T11:32:58.489+02:00  INFO 11511 --- [           main] MongoConfig                              : 🌀🌀🌀kasie_transie_db collection #29 🍎 VehicleArrival has 🌼 13739 documents 💦💦
2023-09-10T11:32:58.492+02:00  INFO 11511 --- [           main] MongoConfig                              : 🌀🌀🌀kasie_transie_db collection #30 🍎 VehicleDeparture has 🌼 4355 documents 💦💦
2023-09-10T11:32:58.501+02:00  INFO 11511 --- [           main] MongoConfig                              : 🌀🌀🌀kasie_transie_db collection #31 🍎 VehicleHeartbeat has 🌼 24021 documents 💦💦
2023-09-10T11:32:58.503+02:00  INFO 11511 --- [           main] MongoConfig                              : 🌀🌀🌀kasie_transie_db collection #32 🍎 VehicleHeartbeatTimeSeries has 🌼 3612 documents 💦💦
2023-09-10T11:32:58.504+02:00  INFO 11511 --- [           main] MongoConfig                              : 🌀🌀🌀kasie_transie_db collection #33 🍎 VehicleMediaRequest has 🌼 28 documents 💦💦
2023-09-10T11:32:58.506+02:00  INFO 11511 --- [           main] MongoConfig                              : 🌀🌀🌀kasie_transie_db collection #34 🍎 VehiclePhoto has 🌼 83 documents 💦💦
2023-09-10T11:32:58.507+02:00  INFO 11511 --- [           main] MongoConfig                              : 🌀🌀🌀kasie_transie_db collection #35 🍎 VehicleVideo has 🌼 0 documents 💦💦
2023-09-10T11:32:58.699+02:00  INFO 11511 --- [           main] MongoService                             : 🍎 Mongo Database set up, ....... database name: kasie_transie_db
2023-09-10T11:32:58.736+02:00  INFO 11511 --- [           main] UserService                              : 🔵🐦🔵🐦🔵🐦  UserService constructed 
2023-09-10T11:32:58.927+02:00  INFO 11511 --- [           main] AssociationService                       : 🍎🍎🍎🍎🍎🍎🍎🍎🍎  AssociationService constructed 
2023-09-10T11:32:59.194+02:00  INFO 11511 --- [           main] KasieTransieBackendApplication           : 🔵 WebMvcConfigurer setting CORS mapping ...
2023-09-10T11:32:59.288+02:00  INFO 11511 --- [           main] c.g.c.s.core.DefaultCredentialsProvider  : Default credentials provider for service account firebase-adminsdk-8y4e9@thermal-effort-366015.iam.gserviceaccount.com
2023-09-10T11:32:59.289+02:00  INFO 11511 --- [           main] c.g.c.s.core.DefaultCredentialsProvider  : Scopes in use by default credentials: [https://www.googleapis.com/auth/pubsub, https://www.googleapis.com/auth/spanner.admin, https://www.googleapis.com/auth/spanner.data, https://www.googleapis.com/auth/datastore, https://www.googleapis.com/auth/sqlservice.admin, https://www.googleapis.com/auth/devstorage.read_only, https://www.googleapis.com/auth/devstorage.read_write, https://www.googleapis.com/auth/cloudruntimeconfig, https://www.googleapis.com/auth/trace.append, https://www.googleapis.com/auth/cloud-platform, https://www.googleapis.com/auth/cloud-vision, https://www.googleapis.com/auth/bigquery, https://www.googleapis.com/auth/monitoring.write]
2023-09-10T11:32:59.293+02:00  INFO 11511 --- [           main] c.g.c.s.a.c.GcpContextAutoConfiguration  : The default project ID is thermal-effort-366015
2023-09-10T11:33:00.106+02:00  WARN 11511 --- [           main] o.s.w.c.s.GenericWebApplicationContext   : Exception encountered during context initialization - cancelling refresh attempt: org.springframework.beans.factory.BeanCreationException: Error creating bean with name 'firestore' defined in class path resource [com/google/cloud/spring/autoconfigure/firestore/GcpFirestoreAutoConfiguration.class]: Failed to instantiate [com.google.cloud.firestore.Firestore]: Factory method 'firestore' threw exception with message: io.grpc.LoadBalancerProvider: io.grpc.xds.WeightedRoundRobinLoadBalancerProvider Unable to get public no-arg constructor
2023-09-10T11:33:00.127+02:00  INFO 11511 --- [           main] .s.b.a.l.ConditionEvaluationReportLogger : 

Error starting ApplicationContext. To display the condition evaluation report re-run your application with 'debug' enabled.
2023-09-10T11:33:00.135+02:00 ERROR 11511 --- [           main] o.s.boot.SpringApplication               : Application run failed

org.springframework.beans.factory.BeanCreationException: Error creating bean with name 'firestore' defined in class path resource [com/google/cloud/spring/autoconfigure/firestore/GcpFirestoreAutoConfiguration.class]: Failed to instantiate [com.google.cloud.firestore.Firestore]: Factory method 'firestore' threw exception with message: io.grpc.LoadBalancerProvider: io.grpc.xds.WeightedRoundRobinLoadBalancerProvider Unable to get public no-arg constructor
	at org.springframework.beans.factory.support.ConstructorResolver.instantiate(ConstructorResolver.java:659) ~[spring-beans-6.0.11.jar:6.0.11]
	at org.springframework.beans.factory.support.ConstructorResolver.instantiateUsingFactoryMethod(ConstructorResolver.java:647) ~[spring-beans-6.0.11.jar:6.0.11]
	at org.springframework.beans.factory.support.AbstractAutowireCapableBeanFactory.instantiateUsingFactoryMethod(AbstractAutowireCapableBeanFactory.java:1332) ~[spring-beans-6.0.11.jar:6.0.11]
	at org.springframework.beans.factory.support.AbstractAutowireCapableBeanFactory.createBeanInstance(AbstractAutowireCapableBeanFactory.java:1162) ~[spring-beans-6.0.11.jar:6.0.11]
	at org.springframework.beans.factory.support.AbstractAutowireCapableBeanFactory.doCreateBean(AbstractAutowireCapableBeanFactory.java:560) ~[spring-beans-6.0.11.jar:6.0.11]
	at org.springframework.beans.factory.support.AbstractAutowireCapableBeanFactory.createBean(AbstractAutowireCapableBeanFactory.java:520) ~[spring-beans-6.0.11.jar:6.0.11]
	at org.springframework.beans.factory.support.AbstractBeanFactory.lambda$doGetBean$0(AbstractBeanFactory.java:326) ~[spring-beans-6.0.11.jar:6.0.11]
	at org.springframework.beans.factory.support.DefaultSingletonBeanRegistry.getSingleton(DefaultSingletonBeanRegistry.java:234) ~[spring-beans-6.0.11.jar:6.0.11]
	at org.springframework.beans.factory.support.AbstractBeanFactory.doGetBean(AbstractBeanFactory.java:324) ~[spring-beans-6.0.11.jar:6.0.11]
	at org.springframework.beans.factory.support.AbstractBeanFactory.getBean(AbstractBeanFactory.java:200) ~[spring-beans-6.0.11.jar:6.0.11]
	at org.springframework.beans.factory.support.DefaultListableBeanFactory.preInstantiateSingletons(DefaultListableBeanFactory.java:973) ~[spring-beans-6.0.11.jar:6.0.11]
	at org.springframework.context.support.AbstractApplicationContext.finishBeanFactoryInitialization(AbstractApplicationContext.java:942) ~[spring-context-6.0.11.jar:6.0.11]
	at org.springframework.context.support.AbstractApplicationContext.refresh(AbstractApplicationContext.java:608) ~[spring-context-6.0.11.jar:6.0.11]
	at org.springframework.boot.SpringApplication.refresh(SpringApplication.java:734) ~[spring-boot-3.1.3.jar:3.1.3]
	at org.springframework.boot.SpringApplication.refreshContext(SpringApplication.java:436) ~[spring-boot-3.1.3.jar:3.1.3]
	at org.springframework.boot.SpringApplication.run(SpringApplication.java:312) ~[spring-boot-3.1.3.jar:3.1.3]
	at org.springframework.boot.test.context.SpringBootContextLoader.lambda$loadContext$3(SpringBootContextLoader.java:137) ~[spring-boot-test-3.1.3.jar:3.1.3]
	at org.springframework.util.function.ThrowingSupplier.get(ThrowingSupplier.java:58) ~[spring-core-6.0.11.jar:6.0.11]
	at org.springframework.util.function.ThrowingSupplier.get(ThrowingSupplier.java:46) ~[spring-core-6.0.11.jar:6.0.11]
	at org.springframework.boot.SpringApplication.withHook(SpringApplication.java:1406) ~[spring-boot-3.1.3.jar:3.1.3]
	at org.springframework.boot.test.context.SpringBootContextLoader$ContextLoaderHook.run(SpringBootContextLoader.java:545) ~[spring-boot-test-3.1.3.jar:3.1.3]
	at org.springframework.boot.test.context.SpringBootContextLoader.loadContext(SpringBootContextLoader.java:137) ~[spring-boot-test-3.1.3.jar:3.1.3]
	at org.springframework.boot.test.context.SpringBootContextLoader.loadContext(SpringBootContextLoader.java:108) ~[spring-boot-test-3.1.3.jar:3.1.3]
	at org.springframework.test.context.cache.DefaultCacheAwareContextLoaderDelegate.loadContextInternal(DefaultCacheAwareContextLoaderDelegate.java:187) ~[spring-test-6.0.11.jar:6.0.11]
	at org.springframework.test.context.cache.DefaultCacheAwareContextLoaderDelegate.loadContext(DefaultCacheAwareContextLoaderDelegate.java:119) ~[spring-test-6.0.11.jar:6.0.11]
	at org.springframework.test.context.support.DefaultTestContext.getApplicationContext(DefaultTestContext.java:127) ~[spring-test-6.0.11.jar:6.0.11]
	at org.springframework.test.context.web.ServletTestExecutionListener.setUpRequestContextIfNecessary(ServletTestExecutionListener.java:191) ~[spring-test-6.0.11.jar:6.0.11]
	at org.springframework.test.context.web.ServletTestExecutionListener.prepareTestInstance(ServletTestExecutionListener.java:130) ~[spring-test-6.0.11.jar:6.0.11]
	at org.springframework.test.context.TestContextManager.prepareTestInstance(TestContextManager.java:241) ~[spring-test-6.0.11.jar:6.0.11]
	at org.springframework.test.context.junit.jupiter.SpringExtension.postProcessTestInstance(SpringExtension.java:138) ~[spring-test-6.0.11.jar:6.0.11]
	at org.junit.jupiter.engine.descriptor.ClassBasedTestDescriptor.lambda$invokeTestInstancePostProcessors$10(ClassBasedTestDescriptor.java:377) ~[junit-jupiter-engine-5.9.3.jar:5.9.3]
	at org.junit.jupiter.engine.descriptor.ClassBasedTestDescriptor.executeAndMaskThrowable(ClassBasedTestDescriptor.java:382) ~[junit-jupiter-engine-5.9.3.jar:5.9.3]
	at org.junit.jupiter.engine.descriptor.ClassBasedTestDescriptor.lambda$invokeTestInstancePostProcessors$11(ClassBasedTestDescriptor.java:377) ~[junit-jupiter-engine-5.9.3.jar:5.9.3]
	at java.base/java.util.stream.ReferencePipeline$3$1.accept(ReferencePipeline.java:197) ~[na:na]
	at java.base/java.util.stream.ReferencePipeline$2$1.accept(ReferencePipeline.java:179) ~[na:na]
	at java.base/java.util.ArrayList$ArrayListSpliterator.forEachRemaining(ArrayList.java:1625) ~[na:na]
	at java.base/java.util.stream.AbstractPipeline.copyInto(AbstractPipeline.java:509) ~[na:na]
	at java.base/java.util.stream.AbstractPipeline.wrapAndCopyInto(AbstractPipeline.java:499) ~[na:na]
	at java.base/java.util.stream.StreamSpliterators$WrappingSpliterator.forEachRemaining(StreamSpliterators.java:310) ~[na:na]
	at java.base/java.util.stream.Streams$ConcatSpliterator.forEachRemaining(Streams.java:735) ~[na:na]
	at java.base/java.util.stream.Streams$ConcatSpliterator.forEachRemaining(Streams.java:734) ~[na:na]
	at java.base/java.util.stream.ReferencePipeline$Head.forEach(ReferencePipeline.java:762) ~[na:na]
	at org.junit.jupiter.engine.descriptor.ClassBasedTestDescriptor.invokeTestInstancePostProcessors(ClassBasedTestDescriptor.java:376) ~[junit-jupiter-engine-5.9.3.jar:5.9.3]
	at org.junit.jupiter.engine.descriptor.ClassBasedTestDescriptor.lambda$instantiateAndPostProcessTestInstance$6(ClassBasedTestDescriptor.java:289) ~[junit-jupiter-engine-5.9.3.jar:5.9.3]
	at org.junit.platform.engine.support.hierarchical.ThrowableCollector.execute(ThrowableCollector.java:73) ~[junit-platform-engine-1.9.3.jar:1.9.3]
	at org.junit.jupiter.engine.descriptor.ClassBasedTestDescriptor.instantiateAndPostProcessTestInstance(ClassBasedTestDescriptor.java:288) ~[junit-jupiter-engine-5.9.3.jar:5.9.3]
	at org.junit.jupiter.engine.descriptor.ClassBasedTestDescriptor.lambda$testInstancesProvider$4(ClassBasedTestDescriptor.java:278) ~[junit-jupiter-engine-5.9.3.jar:5.9.3]
	at java.base/java.util.Optional.orElseGet(Optional.java:364) ~[na:na]
	at org.junit.jupiter.engine.descriptor.ClassBasedTestDescriptor.lambda$testInstancesProvider$5(ClassBasedTestDescriptor.java:277) ~[junit-jupiter-engine-5.9.3.jar:5.9.3]
	at org.junit.jupiter.engine.execution.TestInstancesProvider.getTestInstances(TestInstancesProvider.java:31) ~[junit-jupiter-engine-5.9.3.jar:5.9.3]
	at org.junit.jupiter.engine.descriptor.TestMethodTestDescriptor.lambda$prepare$0(TestMethodTestDescriptor.java:105) ~[junit-jupiter-engine-5.9.3.jar:5.9.3]
	at org.junit.platform.engine.support.hierarchical.ThrowableCollector.execute(ThrowableCollector.java:73) ~[junit-platform-engine-1.9.3.jar:1.9.3]
	at org.junit.jupiter.engine.descriptor.TestMethodTestDescriptor.prepare(TestMethodTestDescriptor.java:104) ~[junit-jupiter-engine-5.9.3.jar:5.9.3]
	at org.junit.jupiter.engine.descriptor.TestMethodTestDescriptor.prepare(TestMethodTestDescriptor.java:68) ~[junit-jupiter-engine-5.9.3.jar:5.9.3]
	at org.junit.platform.engine.support.hierarchical.NodeTestTask.lambda$prepare$2(NodeTestTask.java:123) ~[junit-platform-engine-1.9.3.jar:1.9.3]
	at org.junit.platform.engine.support.hierarchical.ThrowableCollector.execute(ThrowableCollector.java:73) ~[junit-platform-engine-1.9.3.jar:1.9.3]
	at org.junit.platform.engine.support.hierarchical.NodeTestTask.prepare(NodeTestTask.java:123) ~[junit-platform-engine-1.9.3.jar:1.9.3]
	at org.junit.platform.engine.support.hierarchical.NodeTestTask.execute(NodeTestTask.java:90) ~[junit-platform-engine-1.9.3.jar:1.9.3]
	at java.base/java.util.ArrayList.forEach(ArrayList.java:1511) ~[na:na]
	at org.junit.platform.engine.support.hierarchical.SameThreadHierarchicalTestExecutorService.invokeAll(SameThreadHierarchicalTestExecutorService.java:41) ~[junit-platform-engine-1.9.3.jar:1.9.3]
	at org.junit.platform.engine.support.hierarchical.NodeTestTask.lambda$executeRecursively$6(NodeTestTask.java:155) ~[junit-platform-engine-1.9.3.jar:1.9.3]
	at org.junit.platform.engine.support.hierarchical.ThrowableCollector.execute(ThrowableCollector.java:73) ~[junit-platform-engine-1.9.3.jar:1.9.3]
	at org.junit.platform.engine.support.hierarchical.NodeTestTask.lambda$executeRecursively$8(NodeTestTask.java:141) ~[junit-platform-engine-1.9.3.jar:1.9.3]
	at org.junit.platform.engine.support.hierarchical.Node.around(Node.java:137) ~[junit-platform-engine-1.9.3.jar:1.9.3]
	at org.junit.platform.engine.support.hierarchical.NodeTestTask.lambda$executeRecursively$9(NodeTestTask.java:139) ~[junit-platform-engine-1.9.3.jar:1.9.3]
	at org.junit.platform.engine.support.hierarchical.ThrowableCollector.execute(ThrowableCollector.java:73) ~[junit-platform-engine-1.9.3.jar:1.9.3]
	at org.junit.platform.engine.support.hierarchical.NodeTestTask.executeRecursively(NodeTestTask.java:138) ~[junit-platform-engine-1.9.3.jar:1.9.3]
	at org.junit.platform.engine.support.hierarchical.NodeTestTask.execute(NodeTestTask.java:95) ~[junit-platform-engine-1.9.3.jar:1.9.3]
	at java.base/java.util.ArrayList.forEach(ArrayList.java:1511) ~[na:na]
	at org.junit.platform.engine.support.hierarchical.SameThreadHierarchicalTestExecutorService.invokeAll(SameThreadHierarchicalTestExecutorService.java:41) ~[junit-platform-engine-1.9.3.jar:1.9.3]
	at org.junit.platform.engine.support.hierarchical.NodeTestTask.lambda$executeRecursively$6(NodeTestTask.java:155) ~[junit-platform-engine-1.9.3.jar:1.9.3]
	at org.junit.platform.engine.support.hierarchical.ThrowableCollector.execute(ThrowableCollector.java:73) ~[junit-platform-engine-1.9.3.jar:1.9.3]
	at org.junit.platform.engine.support.hierarchical.NodeTestTask.lambda$executeRecursively$8(NodeTestTask.java:141) ~[junit-platform-engine-1.9.3.jar:1.9.3]
	at org.junit.platform.engine.support.hierarchical.Node.around(Node.java:137) ~[junit-platform-engine-1.9.3.jar:1.9.3]
	at org.junit.platform.engine.support.hierarchical.NodeTestTask.lambda$executeRecursively$9(NodeTestTask.java:139) ~[junit-platform-engine-1.9.3.jar:1.9.3]
	at org.junit.platform.engine.support.hierarchical.ThrowableCollector.execute(ThrowableCollector.java:73) ~[junit-platform-engine-1.9.3.jar:1.9.3]
	at org.junit.platform.engine.support.hierarchical.NodeTestTask.executeRecursively(NodeTestTask.java:138) ~[junit-platform-engine-1.9.3.jar:1.9.3]
	at org.junit.platform.engine.support.hierarchical.NodeTestTask.execute(NodeTestTask.java:95) ~[junit-platform-engine-1.9.3.jar:1.9.3]
	at org.junit.platform.engine.support.hierarchical.SameThreadHierarchicalTestExecutorService.submit(SameThreadHierarchicalTestExecutorService.java:35) ~[junit-platform-engine-1.9.3.jar:1.9.3]
	at org.junit.platform.engine.support.hierarchical.HierarchicalTestExecutor.execute(HierarchicalTestExecutor.java:57) ~[junit-platform-engine-1.9.3.jar:1.9.3]
	at org.junit.platform.engine.support.hierarchical.HierarchicalTestEngine.execute(HierarchicalTestEngine.java:54) ~[junit-platform-engine-1.9.3.jar:1.9.3]
	at org.junit.platform.launcher.core.EngineExecutionOrchestrator.execute(EngineExecutionOrchestrator.java:147) ~[junit-platform-launcher-1.9.3.jar:1.9.3]
	at org.junit.platform.launcher.core.EngineExecutionOrchestrator.execute(EngineExecutionOrchestrator.java:127) ~[junit-platform-launcher-1.9.3.jar:1.9.3]
	at org.junit.platform.launcher.core.EngineExecutionOrchestrator.execute(EngineExecutionOrchestrator.java:90) ~[junit-platform-launcher-1.9.3.jar:1.9.3]
	at org.junit.platform.launcher.core.EngineExecutionOrchestrator.lambda$execute$0(EngineExecutionOrchestrator.java:55) ~[junit-platform-launcher-1.9.3.jar:1.9.3]
	at org.junit.platform.launcher.core.EngineExecutionOrchestrator.withInterceptedStreams(EngineExecutionOrchestrator.java:102) ~[junit-platform-launcher-1.9.3.jar:1.9.3]
	at org.junit.platform.launcher.core.EngineExecutionOrchestrator.execute(EngineExecutionOrchestrator.java:54) ~[junit-platform-launcher-1.9.3.jar:1.9.3]
	at org.junit.platform.launcher.core.DefaultLauncher.execute(DefaultLauncher.java:114) ~[junit-platform-launcher-1.9.3.jar:1.9.3]
	at org.junit.platform.launcher.core.DefaultLauncher.execute(DefaultLauncher.java:86) ~[junit-platform-launcher-1.9.3.jar:1.9.3]
	at org.junit.platform.launcher.core.DefaultLauncherSession$DelegatingLauncher.execute(DefaultLauncherSession.java:86) ~[junit-platform-launcher-1.9.3.jar:1.9.3]
	at org.apache.maven.surefire.junitplatform.LazyLauncher.execute(LazyLauncher.java:50) ~[surefire-junit-platform-3.0.0.jar:3.0.0]
	at org.apache.maven.surefire.junitplatform.JUnitPlatformProvider.execute(JUnitPlatformProvider.java:184) ~[surefire-junit-platform-3.0.0.jar:3.0.0]
	at org.apache.maven.surefire.junitplatform.JUnitPlatformProvider.invokeAllTests(JUnitPlatformProvider.java:148) ~[surefire-junit-platform-3.0.0.jar:3.0.0]
	at org.apache.maven.surefire.junitplatform.JUnitPlatformProvider.invoke(JUnitPlatformProvider.java:122) ~[surefire-junit-platform-3.0.0.jar:3.0.0]
	at org.apache.maven.surefire.booter.ForkedBooter.runSuitesInProcess(ForkedBooter.java:385) ~[surefire-booter-3.0.0.jar:3.0.0]
	at org.apache.maven.surefire.booter.ForkedBooter.execute(ForkedBooter.java:162) ~[surefire-booter-3.0.0.jar:3.0.0]
	at org.apache.maven.surefire.booter.ForkedBooter.run(ForkedBooter.java:507) ~[surefire-booter-3.0.0.jar:3.0.0]
	at org.apache.maven.surefire.booter.ForkedBooter.main(ForkedBooter.java:495) ~[surefire-booter-3.0.0.jar:3.0.0]
Caused by: org.springframework.beans.BeanInstantiationException: Failed to instantiate [com.google.cloud.firestore.Firestore]: Factory method 'firestore' threw exception with message: io.grpc.LoadBalancerProvider: io.grpc.xds.WeightedRoundRobinLoadBalancerProvider Unable to get public no-arg constructor
	at org.springframework.beans.factory.support.SimpleInstantiationStrategy.instantiate(SimpleInstantiationStrategy.java:171) ~[spring-beans-6.0.11.jar:6.0.11]
	at org.springframework.beans.factory.support.ConstructorResolver.instantiate(ConstructorResolver.java:655) ~[spring-beans-6.0.11.jar:6.0.11]
	... 97 common frames omitted
Caused by: java.util.ServiceConfigurationError: io.grpc.LoadBalancerProvider: io.grpc.xds.WeightedRoundRobinLoadBalancerProvider Unable to get public no-arg constructor
	at java.base/java.util.ServiceLoader.fail(ServiceLoader.java:586) ~[na:na]
	at java.base/java.util.ServiceLoader.getConstructor(ServiceLoader.java:679) ~[na:na]
	at java.base/java.util.ServiceLoader$LazyClassPathLookupIterator.hasNextService(ServiceLoader.java:1240) ~[na:na]
	at java.base/java.util.ServiceLoader$LazyClassPathLookupIterator.hasNext(ServiceLoader.java:1273) ~[na:na]
	at java.base/java.util.ServiceLoader$2.hasNext(ServiceLoader.java:1309) ~[na:na]
	at java.base/java.util.ServiceLoader$3.hasNext(ServiceLoader.java:1393) ~[na:na]
	at io.grpc.ServiceProviders.loadAll(ServiceProviders.java:67) ~[grpc-api-1.45.0.jar:1.45.0]
	at io.grpc.LoadBalancerRegistry.getDefaultRegistry(LoadBalancerRegistry.java:102) ~[grpc-api-1.45.0.jar:1.45.0]
	at io.grpc.internal.AutoConfiguredLoadBalancerFactory.<init>(AutoConfiguredLoadBalancerFactory.java:53) ~[grpc-core-1.45.0.jar:1.45.0]
	at io.grpc.internal.ManagedChannelImpl.<init>(ManagedChannelImpl.java:635) ~[grpc-core-1.45.0.jar:1.45.0]
	at io.grpc.internal.ManagedChannelImplBuilder.build(ManagedChannelImplBuilder.java:630) ~[grpc-core-1.45.0.jar:1.45.0]
	at io.grpc.internal.AbstractManagedChannelImplBuilder.build(AbstractManagedChannelImplBuilder.java:297) ~[grpc-core-1.45.0.jar:1.45.0]
	at com.google.api.gax.grpc.InstantiatingGrpcChannelProvider.createSingleChannel(InstantiatingGrpcChannelProvider.java:388) ~[gax-grpc-2.13.0.jar:2.13.0]
	at com.google.api.gax.grpc.ChannelPool.<init>(ChannelPool.java:105) ~[gax-grpc-2.13.0.jar:2.13.0]
	at com.google.api.gax.grpc.ChannelPool.create(ChannelPool.java:83) ~[gax-grpc-2.13.0.jar:2.13.0]
	at com.google.api.gax.grpc.InstantiatingGrpcChannelProvider.createChannel(InstantiatingGrpcChannelProvider.java:236) ~[gax-grpc-2.13.0.jar:2.13.0]
	at com.google.api.gax.grpc.InstantiatingGrpcChannelProvider.getTransportChannel(InstantiatingGrpcChannelProvider.java:230) ~[gax-grpc-2.13.0.jar:2.13.0]
	at com.google.api.gax.rpc.ClientContext.create(ClientContext.java:201) ~[gax-2.13.0.jar:2.13.0]
	at com.google.api.gax.rpc.ClientContext.create(ClientContext.java:132) ~[gax-2.13.0.jar:2.13.0]
	at com.google.cloud.firestore.spi.v1.GrpcFirestoreRpc.<init>(GrpcFirestoreRpc.java:125) ~[google-cloud-firestore-3.0.21.jar:3.0.21]
	at com.google.cloud.firestore.FirestoreOptions$DefaultFirestoreRpcFactory.create(FirestoreOptions.java:88) ~[google-cloud-firestore-3.0.21.jar:3.0.21]
	at com.google.cloud.firestore.FirestoreOptions$DefaultFirestoreRpcFactory.create(FirestoreOptions.java:80) ~[google-cloud-firestore-3.0.21.jar:3.0.21]
	at com.google.cloud.ServiceOptions.getRpc(ServiceOptions.java:560) ~[google-cloud-core-2.5.11.jar:2.5.11]
	at com.google.cloud.firestore.FirestoreOptions.getFirestoreRpc(FirestoreOptions.java:358) ~[google-cloud-firestore-3.0.21.jar:3.0.21]
	at com.google.cloud.firestore.FirestoreImpl.<init>(FirestoreImpl.java:79) ~[google-cloud-firestore-3.0.21.jar:3.0.21]
	at com.google.cloud.firestore.FirestoreOptions$DefaultFirestoreFactory.create(FirestoreOptions.java:71) ~[google-cloud-firestore-3.0.21.jar:3.0.21]
	at com.google.cloud.firestore.FirestoreOptions$DefaultFirestoreFactory.create(FirestoreOptions.java:64) ~[google-cloud-firestore-3.0.21.jar:3.0.21]
	at com.google.cloud.ServiceOptions.getService(ServiceOptions.java:540) ~[google-cloud-core-2.5.11.jar:2.5.11]
	at com.google.cloud.spring.autoconfigure.firestore.GcpFirestoreAutoConfiguration.firestore(GcpFirestoreAutoConfiguration.java:107) ~[spring-cloud-gcp-autoconfigure-4.7.2.jar:4.7.2]
	at java.base/jdk.internal.reflect.DirectMethodHandleAccessor.invoke(DirectMethodHandleAccessor.java:104) ~[na:na]
	at java.base/java.lang.reflect.Method.invoke(Method.java:578) ~[na:na]
	at org.springframework.beans.factory.support.SimpleInstantiationStrategy.instantiate(SimpleInstantiationStrategy.java:139) ~[spring-beans-6.0.11.jar:6.0.11]
	... 98 common frames omitted
Caused by: java.lang.IncompatibleClassChangeError: class io.grpc.xds.WeightedRoundRobinLoadBalancer cannot inherit from final class io.grpc.util.RoundRobinLoadBalancer
	at java.base/java.lang.ClassLoader.defineClass1(Native Method) ~[na:na]
	at java.base/java.lang.ClassLoader.defineClass(ClassLoader.java:1013) ~[na:na]
	at java.base/java.security.SecureClassLoader.defineClass(SecureClassLoader.java:150) ~[na:na]
	at java.base/jdk.internal.loader.BuiltinClassLoader.defineClass(BuiltinClassLoader.java:862) ~[na:na]
	at java.base/jdk.internal.loader.BuiltinClassLoader.findClassOnClassPathOrNull(BuiltinClassLoader.java:760) ~[na:na]
	at java.base/jdk.internal.loader.BuiltinClassLoader.loadClassOrNull(BuiltinClassLoader.java:681) ~[na:na]
	at java.base/jdk.internal.loader.BuiltinClassLoader.loadClass(BuiltinClassLoader.java:639) ~[na:na]
	at java.base/jdk.internal.loader.ClassLoaders$AppClassLoader.loadClass(ClassLoaders.java:188) ~[na:na]
	at java.base/java.lang.ClassLoader.loadClass(ClassLoader.java:521) ~[na:na]
	at java.base/java.lang.Class.getDeclaredConstructors0(Native Method) ~[na:na]
	at java.base/java.lang.Class.privateGetDeclaredConstructors(Class.java:3429) ~[na:na]
	at java.base/java.lang.Class.getConstructor0(Class.java:3634) ~[na:na]
	at java.base/java.lang.Class.getConstructor(Class.java:2324) ~[na:na]
	at java.base/java.util.ServiceLoader$1.run(ServiceLoader.java:666) ~[na:na]
	at java.base/java.util.ServiceLoader$1.run(ServiceLoader.java:663) ~[na:na]
	at java.base/java.security.AccessController.doPrivileged(AccessController.java:569) ~[na:na]
	at java.base/java.util.ServiceLoader.getConstructor(ServiceLoader.java:674) ~[na:na]
	... 128 common frames omitted

2023-09-10T11:33:00.141+02:00 ERROR 11511 --- [           main] o.s.test.context.TestContextManager      : Caught exception while allowing TestExecutionListener [org.springframework.test.context.web.ServletTestExecutionListener] to prepare test instance [com.boha.kasietransie.KasietransieApplicationTests@bd703bb]

java.lang.IllegalStateException: Failed to load ApplicationContext for [WebMergedContextConfiguration@147ad4bb testClass = com.boha.kasietransie.KasietransieApplicationTests, locations = [], classes = [com.boha.kasietransie.KasieTransieBackendApplication], contextInitializerClasses = [], activeProfiles = [], propertySourceLocations = [], propertySourceProperties = ["org.springframework.boot.test.context.SpringBootTestContextBootstrapper=true"], contextCustomizers = [org.springframework.boot.test.context.filter.ExcludeFilterContextCustomizer@6cb107fd, org.springframework.boot.test.json.DuplicateJsonObjectContextCustomizerFactory$DuplicateJsonObjectContextCustomizer@eadd4fb, org.springframework.boot.test.mock.mockito.MockitoContextCustomizer@0, org.springframework.boot.test.web.client.TestRestTemplateContextCustomizer@5b7a7f33, org.springframework.boot.test.autoconfigure.actuate.observability.ObservabilityContextCustomizerFactory$DisableObservabilityContextCustomizer@1f, org.springframework.boot.test.autoconfigure.properties.PropertyMappingContextCustomizer@0, org.springframework.boot.test.autoconfigure.web.servlet.WebDriverContextCustomizer@7857fe2, org.springframework.boot.test.context.SpringBootTestAnnotation@c8120ac1], resourceBasePath = "src/main/webapp", contextLoader = org.springframework.boot.test.context.SpringBootContextLoader, parent = null]
	at org.springframework.test.context.cache.DefaultCacheAwareContextLoaderDelegate.loadContext(DefaultCacheAwareContextLoaderDelegate.java:143) ~[spring-test-6.0.11.jar:6.0.11]
	at org.springframework.test.context.support.DefaultTestContext.getApplicationContext(DefaultTestContext.java:127) ~[spring-test-6.0.11.jar:6.0.11]
	at org.springframework.test.context.web.ServletTestExecutionListener.setUpRequestContextIfNecessary(ServletTestExecutionListener.java:191) ~[spring-test-6.0.11.jar:6.0.11]
	at org.springframework.test.context.web.ServletTestExecutionListener.prepareTestInstance(ServletTestExecutionListener.java:130) ~[spring-test-6.0.11.jar:6.0.11]
	at org.springframework.test.context.TestContextManager.prepareTestInstance(TestContextManager.java:241) ~[spring-test-6.0.11.jar:6.0.11]
	at org.springframework.test.context.junit.jupiter.SpringExtension.postProcessTestInstance(SpringExtension.java:138) ~[spring-test-6.0.11.jar:6.0.11]
	at org.junit.jupiter.engine.descriptor.ClassBasedTestDescriptor.lambda$invokeTestInstancePostProcessors$10(ClassBasedTestDescriptor.java:377) ~[junit-jupiter-engine-5.9.3.jar:5.9.3]
	at org.junit.jupiter.engine.descriptor.ClassBasedTestDescriptor.executeAndMaskThrowable(ClassBasedTestDescriptor.java:382) ~[junit-jupiter-engine-5.9.3.jar:5.9.3]
	at org.junit.jupiter.engine.descriptor.ClassBasedTestDescriptor.lambda$invokeTestInstancePostProcessors$11(ClassBasedTestDescriptor.java:377) ~[junit-jupiter-engine-5.9.3.jar:5.9.3]
	at java.base/java.util.stream.ReferencePipeline$3$1.accept(ReferencePipeline.java:197) ~[na:na]
	at java.base/java.util.stream.ReferencePipeline$2$1.accept(ReferencePipeline.java:179) ~[na:na]
	at java.base/java.util.ArrayList$ArrayListSpliterator.forEachRemaining(ArrayList.java:1625) ~[na:na]
	at java.base/java.util.stream.AbstractPipeline.copyInto(AbstractPipeline.java:509) ~[na:na]
	at java.base/java.util.stream.AbstractPipeline.wrapAndCopyInto(AbstractPipeline.java:499) ~[na:na]
	at java.base/java.util.stream.StreamSpliterators$WrappingSpliterator.forEachRemaining(StreamSpliterators.java:310) ~[na:na]
	at java.base/java.util.stream.Streams$ConcatSpliterator.forEachRemaining(Streams.java:735) ~[na:na]
	at java.base/java.util.stream.Streams$ConcatSpliterator.forEachRemaining(Streams.java:734) ~[na:na]
	at java.base/java.util.stream.ReferencePipeline$Head.forEach(ReferencePipeline.java:762) ~[na:na]
	at org.junit.jupiter.engine.descriptor.ClassBasedTestDescriptor.invokeTestInstancePostProcessors(ClassBasedTestDescriptor.java:376) ~[junit-jupiter-engine-5.9.3.jar:5.9.3]
	at org.junit.jupiter.engine.descriptor.ClassBasedTestDescriptor.lambda$instantiateAndPostProcessTestInstance$6(ClassBasedTestDescriptor.java:289) ~[junit-jupiter-engine-5.9.3.jar:5.9.3]
	at org.junit.platform.engine.support.hierarchical.ThrowableCollector.execute(ThrowableCollector.java:73) ~[junit-platform-engine-1.9.3.jar:1.9.3]
	at org.junit.jupiter.engine.descriptor.ClassBasedTestDescriptor.instantiateAndPostProcessTestInstance(ClassBasedTestDescriptor.java:288) ~[junit-jupiter-engine-5.9.3.jar:5.9.3]
	at org.junit.jupiter.engine.descriptor.ClassBasedTestDescriptor.lambda$testInstancesProvider$4(ClassBasedTestDescriptor.java:278) ~[junit-jupiter-engine-5.9.3.jar:5.9.3]
	at java.base/java.util.Optional.orElseGet(Optional.java:364) ~[na:na]
	at org.junit.jupiter.engine.descriptor.ClassBasedTestDescriptor.lambda$testInstancesProvider$5(ClassBasedTestDescriptor.java:277) ~[junit-jupiter-engine-5.9.3.jar:5.9.3]
	at org.junit.jupiter.engine.execution.TestInstancesProvider.getTestInstances(TestInstancesProvider.java:31) ~[junit-jupiter-engine-5.9.3.jar:5.9.3]
	at org.junit.jupiter.engine.descriptor.TestMethodTestDescriptor.lambda$prepare$0(TestMethodTestDescriptor.java:105) ~[junit-jupiter-engine-5.9.3.jar:5.9.3]
	at org.junit.platform.engine.support.hierarchical.ThrowableCollector.execute(ThrowableCollector.java:73) ~[junit-platform-engine-1.9.3.jar:1.9.3]
	at org.junit.jupiter.engine.descriptor.TestMethodTestDescriptor.prepare(TestMethodTestDescriptor.java:104) ~[junit-jupiter-engine-5.9.3.jar:5.9.3]
	at org.junit.jupiter.engine.descriptor.TestMethodTestDescriptor.prepare(TestMethodTestDescriptor.java:68) ~[junit-jupiter-engine-5.9.3.jar:5.9.3]
	at org.junit.platform.engine.support.hierarchical.NodeTestTask.lambda$prepare$2(NodeTestTask.java:123) ~[junit-platform-engine-1.9.3.jar:1.9.3]
	at org.junit.platform.engine.support.hierarchical.ThrowableCollector.execute(ThrowableCollector.java:73) ~[junit-platform-engine-1.9.3.jar:1.9.3]
	at org.junit.platform.engine.support.hierarchical.NodeTestTask.prepare(NodeTestTask.java:123) ~[junit-platform-engine-1.9.3.jar:1.9.3]
	at org.junit.platform.engine.support.hierarchical.NodeTestTask.execute(NodeTestTask.java:90) ~[junit-platform-engine-1.9.3.jar:1.9.3]
	at java.base/java.util.ArrayList.forEach(ArrayList.java:1511) ~[na:na]
	at org.junit.platform.engine.support.hierarchical.SameThreadHierarchicalTestExecutorService.invokeAll(SameThreadHierarchicalTestExecutorService.java:41) ~[junit-platform-engine-1.9.3.jar:1.9.3]
	at org.junit.platform.engine.support.hierarchical.NodeTestTask.lambda$executeRecursively$6(NodeTestTask.java:155) ~[junit-platform-engine-1.9.3.jar:1.9.3]
	at org.junit.platform.engine.support.hierarchical.ThrowableCollector.execute(ThrowableCollector.java:73) ~[junit-platform-engine-1.9.3.jar:1.9.3]
	at org.junit.platform.engine.support.hierarchical.NodeTestTask.lambda$executeRecursively$8(NodeTestTask.java:141) ~[junit-platform-engine-1.9.3.jar:1.9.3]
	at org.junit.platform.engine.support.hierarchical.Node.around(Node.java:137) ~[junit-platform-engine-1.9.3.jar:1.9.3]
	at org.junit.platform.engine.support.hierarchical.NodeTestTask.lambda$executeRecursively$9(NodeTestTask.java:139) ~[junit-platform-engine-1.9.3.jar:1.9.3]
	at org.junit.platform.engine.support.hierarchical.ThrowableCollector.execute(ThrowableCollector.java:73) ~[junit-platform-engine-1.9.3.jar:1.9.3]
	at org.junit.platform.engine.support.hierarchical.NodeTestTask.executeRecursively(NodeTestTask.java:138) ~[junit-platform-engine-1.9.3.jar:1.9.3]
	at org.junit.platform.engine.support.hierarchical.NodeTestTask.execute(NodeTestTask.java:95) ~[junit-platform-engine-1.9.3.jar:1.9.3]
	at java.base/java.util.ArrayList.forEach(ArrayList.java:1511) ~[na:na]
	at org.junit.platform.engine.support.hierarchical.SameThreadHierarchicalTestExecutorService.invokeAll(SameThreadHierarchicalTestExecutorService.java:41) ~[junit-platform-engine-1.9.3.jar:1.9.3]
	at org.junit.platform.engine.support.hierarchical.NodeTestTask.lambda$executeRecursively$6(NodeTestTask.java:155) ~[junit-platform-engine-1.9.3.jar:1.9.3]
	at org.junit.platform.engine.support.hierarchical.ThrowableCollector.execute(ThrowableCollector.java:73) ~[junit-platform-engine-1.9.3.jar:1.9.3]
	at org.junit.platform.engine.support.hierarchical.NodeTestTask.lambda$executeRecursively$8(NodeTestTask.java:141) ~[junit-platform-engine-1.9.3.jar:1.9.3]
	at org.junit.platform.engine.support.hierarchical.Node.around(Node.java:137) ~[junit-platform-engine-1.9.3.jar:1.9.3]
	at org.junit.platform.engine.support.hierarchical.NodeTestTask.lambda$executeRecursively$9(NodeTestTask.java:139) ~[junit-platform-engine-1.9.3.jar:1.9.3]
	at org.junit.platform.engine.support.hierarchical.ThrowableCollector.execute(ThrowableCollector.java:73) ~[junit-platform-engine-1.9.3.jar:1.9.3]
	at org.junit.platform.engine.support.hierarchical.NodeTestTask.executeRecursively(NodeTestTask.java:138) ~[junit-platform-engine-1.9.3.jar:1.9.3]
	at org.junit.platform.engine.support.hierarchical.NodeTestTask.execute(NodeTestTask.java:95) ~[junit-platform-engine-1.9.3.jar:1.9.3]
	at org.junit.platform.engine.support.hierarchical.SameThreadHierarchicalTestExecutorService.submit(SameThreadHierarchicalTestExecutorService.java:35) ~[junit-platform-engine-1.9.3.jar:1.9.3]
	at org.junit.platform.engine.support.hierarchical.HierarchicalTestExecutor.execute(HierarchicalTestExecutor.java:57) ~[junit-platform-engine-1.9.3.jar:1.9.3]
	at org.junit.platform.engine.support.hierarchical.HierarchicalTestEngine.execute(HierarchicalTestEngine.java:54) ~[junit-platform-engine-1.9.3.jar:1.9.3]
	at org.junit.platform.launcher.core.EngineExecutionOrchestrator.execute(EngineExecutionOrchestrator.java:147) ~[junit-platform-launcher-1.9.3.jar:1.9.3]
	at org.junit.platform.launcher.core.EngineExecutionOrchestrator.execute(EngineExecutionOrchestrator.java:127) ~[junit-platform-launcher-1.9.3.jar:1.9.3]
	at org.junit.platform.launcher.core.EngineExecutionOrchestrator.execute(EngineExecutionOrchestrator.java:90) ~[junit-platform-launcher-1.9.3.jar:1.9.3]
	at org.junit.platform.launcher.core.EngineExecutionOrchestrator.lambda$execute$0(EngineExecutionOrchestrator.java:55) ~[junit-platform-launcher-1.9.3.jar:1.9.3]
	at org.junit.platform.launcher.core.EngineExecutionOrchestrator.withInterceptedStreams(EngineExecutionOrchestrator.java:102) ~[junit-platform-launcher-1.9.3.jar:1.9.3]
	at org.junit.platform.launcher.core.EngineExecutionOrchestrator.execute(EngineExecutionOrchestrator.java:54) ~[junit-platform-launcher-1.9.3.jar:1.9.3]
	at org.junit.platform.launcher.core.DefaultLauncher.execute(DefaultLauncher.java:114) ~[junit-platform-launcher-1.9.3.jar:1.9.3]
	at org.junit.platform.launcher.core.DefaultLauncher.execute(DefaultLauncher.java:86) ~[junit-platform-launcher-1.9.3.jar:1.9.3]
	at org.junit.platform.launcher.core.DefaultLauncherSession$DelegatingLauncher.execute(DefaultLauncherSession.java:86) ~[junit-platform-launcher-1.9.3.jar:1.9.3]
	at org.apache.maven.surefire.junitplatform.LazyLauncher.execute(LazyLauncher.java:50) ~[surefire-junit-platform-3.0.0.jar:3.0.0]
	at org.apache.maven.surefire.junitplatform.JUnitPlatformProvider.execute(JUnitPlatformProvider.java:184) ~[surefire-junit-platform-3.0.0.jar:3.0.0]
	at org.apache.maven.surefire.junitplatform.JUnitPlatformProvider.invokeAllTests(JUnitPlatformProvider.java:148) ~[surefire-junit-platform-3.0.0.jar:3.0.0]
	at org.apache.maven.surefire.junitplatform.JUnitPlatformProvider.invoke(JUnitPlatformProvider.java:122) ~[surefire-junit-platform-3.0.0.jar:3.0.0]
	at org.apache.maven.surefire.booter.ForkedBooter.runSuitesInProcess(ForkedBooter.java:385) ~[surefire-booter-3.0.0.jar:3.0.0]
	at org.apache.maven.surefire.booter.ForkedBooter.execute(ForkedBooter.java:162) ~[surefire-booter-3.0.0.jar:3.0.0]
	at org.apache.maven.surefire.booter.ForkedBooter.run(ForkedBooter.java:507) ~[surefire-booter-3.0.0.jar:3.0.0]
	at org.apache.maven.surefire.booter.ForkedBooter.main(ForkedBooter.java:495) ~[surefire-booter-3.0.0.jar:3.0.0]
Caused by: org.springframework.beans.factory.BeanCreationException: Error creating bean with name 'firestore' defined in class path resource [com/google/cloud/spring/autoconfigure/firestore/GcpFirestoreAutoConfiguration.class]: Failed to instantiate [com.google.cloud.firestore.Firestore]: Factory method 'firestore' threw exception with message: io.grpc.LoadBalancerProvider: io.grpc.xds.WeightedRoundRobinLoadBalancerProvider Unable to get public no-arg constructor
	at org.springframework.beans.factory.support.ConstructorResolver.instantiate(ConstructorResolver.java:659) ~[spring-beans-6.0.11.jar:6.0.11]
	at org.springframework.beans.factory.support.ConstructorResolver.instantiateUsingFactoryMethod(ConstructorResolver.java:647) ~[spring-beans-6.0.11.jar:6.0.11]
	at org.springframework.beans.factory.support.AbstractAutowireCapableBeanFactory.instantiateUsingFactoryMethod(AbstractAutowireCapableBeanFactory.java:1332) ~[spring-beans-6.0.11.jar:6.0.11]
	at org.springframework.beans.factory.support.AbstractAutowireCapableBeanFactory.createBeanInstance(AbstractAutowireCapableBeanFactory.java:1162) ~[spring-beans-6.0.11.jar:6.0.11]
	at org.springframework.beans.factory.support.AbstractAutowireCapableBeanFactory.doCreateBean(AbstractAutowireCapableBeanFactory.java:560) ~[spring-beans-6.0.11.jar:6.0.11]
	at org.springframework.beans.factory.support.AbstractAutowireCapableBeanFactory.createBean(AbstractAutowireCapableBeanFactory.java:520) ~[spring-beans-6.0.11.jar:6.0.11]
	at org.springframework.beans.factory.support.AbstractBeanFactory.lambda$doGetBean$0(AbstractBeanFactory.java:326) ~[spring-beans-6.0.11.jar:6.0.11]
	at org.springframework.beans.factory.support.DefaultSingletonBeanRegistry.getSingleton(DefaultSingletonBeanRegistry.java:234) ~[spring-beans-6.0.11.jar:6.0.11]
	at org.springframework.beans.factory.support.AbstractBeanFactory.doGetBean(AbstractBeanFactory.java:324) ~[spring-beans-6.0.11.jar:6.0.11]
	at org.springframework.beans.factory.support.AbstractBeanFactory.getBean(AbstractBeanFactory.java:200) ~[spring-beans-6.0.11.jar:6.0.11]
	at org.springframework.beans.factory.support.DefaultListableBeanFactory.preInstantiateSingletons(DefaultListableBeanFactory.java:973) ~[spring-beans-6.0.11.jar:6.0.11]
	at org.springframework.context.support.AbstractApplicationContext.finishBeanFactoryInitialization(AbstractApplicationContext.java:942) ~[spring-context-6.0.11.jar:6.0.11]
	at org.springframework.context.support.AbstractApplicationContext.refresh(AbstractApplicationContext.java:608) ~[spring-context-6.0.11.jar:6.0.11]
	at org.springframework.boot.SpringApplication.refresh(SpringApplication.java:734) ~[spring-boot-3.1.3.jar:3.1.3]
	at org.springframework.boot.SpringApplication.refreshContext(SpringApplication.java:436) ~[spring-boot-3.1.3.jar:3.1.3]
	at org.springframework.boot.SpringApplication.run(SpringApplication.java:312) ~[spring-boot-3.1.3.jar:3.1.3]
	at org.springframework.boot.test.context.SpringBootContextLoader.lambda$loadContext$3(SpringBootContextLoader.java:137) ~[spring-boot-test-3.1.3.jar:3.1.3]
	at org.springframework.util.function.ThrowingSupplier.get(ThrowingSupplier.java:58) ~[spring-core-6.0.11.jar:6.0.11]
	at org.springframework.util.function.ThrowingSupplier.get(ThrowingSupplier.java:46) ~[spring-core-6.0.11.jar:6.0.11]
	at org.springframework.boot.SpringApplication.withHook(SpringApplication.java:1406) ~[spring-boot-3.1.3.jar:3.1.3]
	at org.springframework.boot.test.context.SpringBootContextLoader$ContextLoaderHook.run(SpringBootContextLoader.java:545) ~[spring-boot-test-3.1.3.jar:3.1.3]
	at org.springframework.boot.test.context.SpringBootContextLoader.loadContext(SpringBootContextLoader.java:137) ~[spring-boot-test-3.1.3.jar:3.1.3]
	at org.springframework.boot.test.context.SpringBootContextLoader.loadContext(SpringBootContextLoader.java:108) ~[spring-boot-test-3.1.3.jar:3.1.3]
	at org.springframework.test.context.cache.DefaultCacheAwareContextLoaderDelegate.loadContextInternal(DefaultCacheAwareContextLoaderDelegate.java:187) ~[spring-test-6.0.11.jar:6.0.11]
	at org.springframework.test.context.cache.DefaultCacheAwareContextLoaderDelegate.loadContext(DefaultCacheAwareContextLoaderDelegate.java:119) ~[spring-test-6.0.11.jar:6.0.11]
	... 73 common frames omitted
Caused by: org.springframework.beans.BeanInstantiationException: Failed to instantiate [com.google.cloud.firestore.Firestore]: Factory method 'firestore' threw exception with message: io.grpc.LoadBalancerProvider: io.grpc.xds.WeightedRoundRobinLoadBalancerProvider Unable to get public no-arg constructor
	at org.springframework.beans.factory.support.SimpleInstantiationStrategy.instantiate(SimpleInstantiationStrategy.java:171) ~[spring-beans-6.0.11.jar:6.0.11]
	at org.springframework.beans.factory.support.ConstructorResolver.instantiate(ConstructorResolver.java:655) ~[spring-beans-6.0.11.jar:6.0.11]
	... 97 common frames omitted
Caused by: java.util.ServiceConfigurationError: io.grpc.LoadBalancerProvider: io.grpc.xds.WeightedRoundRobinLoadBalancerProvider Unable to get public no-arg constructor
	at java.base/java.util.ServiceLoader.fail(ServiceLoader.java:586) ~[na:na]
	at java.base/java.util.ServiceLoader.getConstructor(ServiceLoader.java:679) ~[na:na]
	at java.base/java.util.ServiceLoader$LazyClassPathLookupIterator.hasNextService(ServiceLoader.java:1240) ~[na:na]
	at java.base/java.util.ServiceLoader$LazyClassPathLookupIterator.hasNext(ServiceLoader.java:1273) ~[na:na]
	at java.base/java.util.ServiceLoader$2.hasNext(ServiceLoader.java:1309) ~[na:na]
	at java.base/java.util.ServiceLoader$3.hasNext(ServiceLoader.java:1393) ~[na:na]
	at io.grpc.ServiceProviders.loadAll(ServiceProviders.java:67) ~[grpc-api-1.45.0.jar:1.45.0]
	at io.grpc.LoadBalancerRegistry.getDefaultRegistry(LoadBalancerRegistry.java:102) ~[grpc-api-1.45.0.jar:1.45.0]
	at io.grpc.internal.AutoConfiguredLoadBalancerFactory.<init>(AutoConfiguredLoadBalancerFactory.java:53) ~[grpc-core-1.45.0.jar:1.45.0]
	at io.grpc.internal.ManagedChannelImpl.<init>(ManagedChannelImpl.java:635) ~[grpc-core-1.45.0.jar:1.45.0]
	at io.grpc.internal.ManagedChannelImplBuilder.build(ManagedChannelImplBuilder.java:630) ~[grpc-core-1.45.0.jar:1.45.0]
	at io.grpc.internal.AbstractManagedChannelImplBuilder.build(AbstractManagedChannelImplBuilder.java:297) ~[grpc-core-1.45.0.jar:1.45.0]
	at com.google.api.gax.grpc.InstantiatingGrpcChannelProvider.createSingleChannel(InstantiatingGrpcChannelProvider.java:388) ~[gax-grpc-2.13.0.jar:2.13.0]
	at com.google.api.gax.grpc.ChannelPool.<init>(ChannelPool.java:105) ~[gax-grpc-2.13.0.jar:2.13.0]
	at com.google.api.gax.grpc.ChannelPool.create(ChannelPool.java:83) ~[gax-grpc-2.13.0.jar:2.13.0]
	at com.google.api.gax.grpc.InstantiatingGrpcChannelProvider.createChannel(InstantiatingGrpcChannelProvider.java:236) ~[gax-grpc-2.13.0.jar:2.13.0]
	at com.google.api.gax.grpc.InstantiatingGrpcChannelProvider.getTransportChannel(InstantiatingGrpcChannelProvider.java:230) ~[gax-grpc-2.13.0.jar:2.13.0]
	at com.google.api.gax.rpc.ClientContext.create(ClientContext.java:201) ~[gax-2.13.0.jar:2.13.0]
	at com.google.api.gax.rpc.ClientContext.create(ClientContext.java:132) ~[gax-2.13.0.jar:2.13.0]
	at com.google.cloud.firestore.spi.v1.GrpcFirestoreRpc.<init>(GrpcFirestoreRpc.java:125) ~[google-cloud-firestore-3.0.21.jar:3.0.21]
	at com.google.cloud.firestore.FirestoreOptions$DefaultFirestoreRpcFactory.create(FirestoreOptions.java:88) ~[google-cloud-firestore-3.0.21.jar:3.0.21]
	at com.google.cloud.firestore.FirestoreOptions$DefaultFirestoreRpcFactory.create(FirestoreOptions.java:80) ~[google-cloud-firestore-3.0.21.jar:3.0.21]
	at com.google.cloud.ServiceOptions.getRpc(ServiceOptions.java:560) ~[google-cloud-core-2.5.11.jar:2.5.11]
	at com.google.cloud.firestore.FirestoreOptions.getFirestoreRpc(FirestoreOptions.java:358) ~[google-cloud-firestore-3.0.21.jar:3.0.21]
	at com.google.cloud.firestore.FirestoreImpl.<init>(FirestoreImpl.java:79) ~[google-cloud-firestore-3.0.21.jar:3.0.21]
	at com.google.cloud.firestore.FirestoreOptions$DefaultFirestoreFactory.create(FirestoreOptions.java:71) ~[google-cloud-firestore-3.0.21.jar:3.0.21]
	at com.google.cloud.firestore.FirestoreOptions$DefaultFirestoreFactory.create(FirestoreOptions.java:64) ~[google-cloud-firestore-3.0.21.jar:3.0.21]
	at com.google.cloud.ServiceOptions.getService(ServiceOptions.java:540) ~[google-cloud-core-2.5.11.jar:2.5.11]
	at com.google.cloud.spring.autoconfigure.firestore.GcpFirestoreAutoConfiguration.firestore(GcpFirestoreAutoConfiguration.java:107) ~[spring-cloud-gcp-autoconfigure-4.7.2.jar:4.7.2]
	at java.base/jdk.internal.reflect.DirectMethodHandleAccessor.invoke(DirectMethodHandleAccessor.java:104) ~[na:na]
	at java.base/java.lang.reflect.Method.invoke(Method.java:578) ~[na:na]
	at org.springframework.beans.factory.support.SimpleInstantiationStrategy.instantiate(SimpleInstantiationStrategy.java:139) ~[spring-beans-6.0.11.jar:6.0.11]
	... 98 common frames omitted
Caused by: java.lang.IncompatibleClassChangeError: class io.grpc.xds.WeightedRoundRobinLoadBalancer cannot inherit from final class io.grpc.util.RoundRobinLoadBalancer
	at java.base/java.lang.ClassLoader.defineClass1(Native Method) ~[na:na]
	at java.base/java.lang.ClassLoader.defineClass(ClassLoader.java:1013) ~[na:na]
	at java.base/java.security.SecureClassLoader.defineClass(SecureClassLoader.java:150) ~[na:na]
	at java.base/jdk.internal.loader.BuiltinClassLoader.defineClass(BuiltinClassLoader.java:862) ~[na:na]
	at java.base/jdk.internal.loader.BuiltinClassLoader.findClassOnClassPathOrNull(BuiltinClassLoader.java:760) ~[na:na]
	at java.base/jdk.internal.loader.BuiltinClassLoader.loadClassOrNull(BuiltinClassLoader.java:681) ~[na:na]
	at java.base/jdk.internal.loader.BuiltinClassLoader.loadClass(BuiltinClassLoader.java:639) ~[na:na]
	at java.base/jdk.internal.loader.ClassLoaders$AppClassLoader.loadClass(ClassLoaders.java:188) ~[na:na]
	at java.base/java.lang.ClassLoader.loadClass(ClassLoader.java:521) ~[na:na]
	at java.base/java.lang.Class.getDeclaredConstructors0(Native Method) ~[na:na]
	at java.base/java.lang.Class.privateGetDeclaredConstructors(Class.java:3429) ~[na:na]
	at java.base/java.lang.Class.getConstructor0(Class.java:3634) ~[na:na]
	at java.base/java.lang.Class.getConstructor(Class.java:2324) ~[na:na]
	at java.base/java.util.ServiceLoader$1.run(ServiceLoader.java:666) ~[na:na]
	at java.base/java.util.ServiceLoader$1.run(ServiceLoader.java:663) ~[na:na]
	at java.base/java.security.AccessController.doPrivileged(AccessController.java:569) ~[na:na]
	at java.base/java.util.ServiceLoader.getConstructor(ServiceLoader.java:674) ~[na:na]
	... 128 common frames omitted

]]></system-out>
    <system-err><![CDATA[


============================
CONDITIONS EVALUATION REPORT
============================


Positive matches:
-----------------

    None


Negative matches:
-----------------

    None


Exclusions:
-----------

    None


Unconditional classes:
----------------------

    None



]]></system-err>
  </testcase>
</testsuite>